ASSERTION	AAEDAAECAwAAAAAAAIizQA==
ASSERTION	AAECAAMCAAAAAAAAgFhA
RUN	parabank.loan.LoanRequestLoad	loanrequestload	1760300915851	 	3.3.1
USER	Loan Request Under Load	11	START	1760300916854	1760300916854
USER	Loan Request Under Load	23	START	1760300916859	1760300916859
USER	Loan Request Under Load	7	START	1760300916853	1760300916853
USER	Loan Request Under Load	3	START	1760300916853	1760300916853
USER	Loan Request Under Load	17	START	1760300916858	1760300916858
USER	Loan Request Under Load	25	START	1760300916859	1760300916859
USER	Loan Request Under Load	33	START	1760300916860	1760300916860
USER	Loan Request Under Load	38	START	1760300916861	1760300916861
USER	Loan Request Under Load	31	START	1760300916860	1760300916860
USER	Loan Request Under Load	18	START	1760300916858	1760300916858
USER	Loan Request Under Load	1	START	1760300916853	1760300916853
USER	Loan Request Under Load	19	START	1760300916858	1760300916858
USER	Loan Request Under Load	43	START	1760300916862	1760300916862
USER	Loan Request Under Load	8	START	1760300916853	1760300916853
USER	Loan Request Under Load	45	START	1760300916862	1760300916862
USER	Loan Request Under Load	27	START	1760300916860	1760300916860
USER	Loan Request Under Load	61	START	1760300916891	1760300916891
USER	Loan Request Under Load	56	START	1760300916891	1760300916891
USER	Loan Request Under Load	49	START	1760300916890	1760300916890
USER	Loan Request Under Load	52	START	1760300916890	1760300916890
USER	Loan Request Under Load	48	START	1760300916862	1760300916862
USER	Loan Request Under Load	60	START	1760300916891	1760300916891
USER	Loan Request Under Load	63	START	1760300916891	1760300916891
USER	Loan Request Under Load	64	START	1760300916891	1760300916891
USER	Loan Request Under Load	65	START	1760300916891	1760300916891
USER	Loan Request Under Load	66	START	1760300916891	1760300916891
USER	Loan Request Under Load	6	START	1760300916853	1760300916853
USER	Loan Request Under Load	69	START	1760300916891	1760300916891
USER	Loan Request Under Load	68	START	1760300916891	1760300916891
USER	Loan Request Under Load	71	START	1760300916892	1760300916892
USER	Loan Request Under Load	72	START	1760300916892	1760300916892
USER	Loan Request Under Load	5	START	1760300916853	1760300916853
USER	Loan Request Under Load	2	START	1760300916853	1760300916853
USER	Loan Request Under Load	70	START	1760300916891	1760300916891
USER	Loan Request Under Load	74	START	1760300916892	1760300916892
USER	Loan Request Under Load	10	START	1760300916854	1760300916854
USER	Loan Request Under Load	75	START	1760300916892	1760300916892
USER	Loan Request Under Load	78	START	1760300916892	1760300916892
USER	Loan Request Under Load	32	START	1760300916860	1760300916860
USER	Loan Request Under Load	13	START	1760300916854	1760300916854
USER	Loan Request Under Load	76	START	1760300916892	1760300916892
USER	Loan Request Under Load	42	START	1760300916861	1760300916861
USER	Loan Request Under Load	81	START	1760300916892	1760300916892
USER	Loan Request Under Load	79	START	1760300916892	1760300916892
USER	Loan Request Under Load	82	START	1760300916892	1760300916892
USER	Loan Request Under Load	84	START	1760300916892	1760300916892
USER	Loan Request Under Load	83	START	1760300916892	1760300916892
USER	Loan Request Under Load	87	START	1760300916892	1760300916892
USER	Loan Request Under Load	24	START	1760300916859	1760300916859
USER	Loan Request Under Load	86	START	1760300916892	1760300916892
USER	Loan Request Under Load	89	START	1760300916892	1760300916892
USER	Loan Request Under Load	85	START	1760300916892	1760300916892
USER	Loan Request Under Load	90	START	1760300916892	1760300916892
USER	Loan Request Under Load	35	START	1760300916861	1760300916861
USER	Loan Request Under Load	92	START	1760300916893	1760300916893
USER	Loan Request Under Load	91	START	1760300916892	1760300916892
USER	Loan Request Under Load	93	START	1760300916893	1760300916893
USER	Loan Request Under Load	97	START	1760300916893	1760300916893
USER	Loan Request Under Load	94	START	1760300916893	1760300916893
USER	Loan Request Under Load	96	START	1760300916893	1760300916893
USER	Loan Request Under Load	99	START	1760300916893	1760300916893
USER	Loan Request Under Load	98	START	1760300916893	1760300916893
USER	Loan Request Under Load	95	START	1760300916893	1760300916893
USER	Loan Request Under Load	101	START	1760300916893	1760300916893
USER	Loan Request Under Load	106	START	1760300916893	1760300916893
USER	Loan Request Under Load	105	START	1760300916893	1760300916893
USER	Loan Request Under Load	103	START	1760300916893	1760300916893
USER	Loan Request Under Load	108	START	1760300916893	1760300916893
USER	Loan Request Under Load	73	START	1760300916892	1760300916892
USER	Loan Request Under Load	110	START	1760300916893	1760300916893
USER	Loan Request Under Load	109	START	1760300916893	1760300916893
USER	Loan Request Under Load	104	START	1760300916893	1760300916893
USER	Loan Request Under Load	111	START	1760300916893	1760300916893
USER	Loan Request Under Load	100	START	1760300916893	1760300916893
USER	Loan Request Under Load	114	START	1760300916893	1760300916893
USER	Loan Request Under Load	112	START	1760300916893	1760300916893
USER	Loan Request Under Load	115	START	1760300916893	1760300916893
USER	Loan Request Under Load	39	START	1760300916861	1760300916861
USER	Loan Request Under Load	116	START	1760300916893	1760300916893
USER	Loan Request Under Load	88	START	1760300916892	1760300916892
USER	Loan Request Under Load	118	START	1760300916893	1760300916893
USER	Loan Request Under Load	117	START	1760300916893	1760300916893
USER	Loan Request Under Load	119	START	1760300916893	1760300916893
USER	Loan Request Under Load	120	START	1760300916893	1760300916893
USER	Loan Request Under Load	121	START	1760300916894	1760300916894
USER	Loan Request Under Load	124	START	1760300916894	1760300916894
USER	Loan Request Under Load	122	START	1760300916894	1760300916894
USER	Loan Request Under Load	125	START	1760300916894	1760300916894
USER	Loan Request Under Load	126	START	1760300916894	1760300916894
USER	Loan Request Under Load	129	START	1760300916894	1760300916894
USER	Loan Request Under Load	128	START	1760300916894	1760300916894
USER	Loan Request Under Load	131	START	1760300916894	1760300916894
USER	Loan Request Under Load	132	START	1760300916894	1760300916894
USER	Loan Request Under Load	130	START	1760300916894	1760300916894
USER	Loan Request Under Load	133	START	1760300916894	1760300916894
USER	Loan Request Under Load	134	START	1760300916894	1760300916894
USER	Loan Request Under Load	135	START	1760300916894	1760300916894
USER	Loan Request Under Load	123	START	1760300916894	1760300916894
USER	Loan Request Under Load	138	START	1760300916894	1760300916894
USER	Loan Request Under Load	54	START	1760300916891	1760300916891
USER	Loan Request Under Load	141	START	1760300916894	1760300916894
USER	Loan Request Under Load	140	START	1760300916894	1760300916894
USER	Loan Request Under Load	144	START	1760300916894	1760300916894
USER	Loan Request Under Load	53	START	1760300916891	1760300916891
USER	Loan Request Under Load	55	START	1760300916891	1760300916891
USER	Loan Request Under Load	145	START	1760300916894	1760300916894
USER	Loan Request Under Load	58	START	1760300916891	1760300916891
USER	Loan Request Under Load	146	START	1760300916894	1760300916894
USER	Loan Request Under Load	147	START	1760300916895	1760300916895
USER	Loan Request Under Load	67	START	1760300916891	1760300916891
USER	Loan Request Under Load	148	START	1760300916895	1760300916895
USER	Loan Request Under Load	50	START	1760300916890	1760300916890
USER	Loan Request Under Load	150	START	1760300916895	1760300916895
USER	Loan Request Under Load	80	START	1760300916892	1760300916892
USER	Loan Request Under Load	59	START	1760300916891	1760300916891
USER	Loan Request Under Load	142	START	1760300916894	1760300916894
USER	Loan Request Under Load	113	START	1760300916893	1760300916893
USER	Loan Request Under Load	51	START	1760300916890	1760300916890
USER	Loan Request Under Load	62	START	1760300916891	1760300916891
USER	Loan Request Under Load	102	START	1760300916893	1760300916893
USER	Loan Request Under Load	139	START	1760300916894	1760300916894
USER	Loan Request Under Load	137	START	1760300916894	1760300916894
USER	Loan Request Under Load	143	START	1760300916894	1760300916894
USER	Loan Request Under Load	57	START	1760300916891	1760300916891
USER	Loan Request Under Load	26	START	1760300916859	1760300916859
USER	Loan Request Under Load	149	START	1760300916895	1760300916895
USER	Loan Request Under Load	29	START	1760300916860	1760300916860
USER	Loan Request Under Load	127	START	1760300916894	1760300916894
USER	Loan Request Under Load	136	START	1760300916894	1760300916894
USER	Loan Request Under Load	107	START	1760300916893	1760300916893
USER	Loan Request Under Load	37	START	1760300916861	1760300916861
USER	Loan Request Under Load	14	START	1760300916855	1760300916855
USER	Loan Request Under Load	77	START	1760300916892	1760300916892
USER	Loan Request Under Load	40	START	1760300916861	1760300916861
USER	Loan Request Under Load	36	START	1760300916861	1760300916861
USER	Loan Request Under Load	46	START	1760300916862	1760300916862
USER	Loan Request Under Load	34	START	1760300916861	1760300916861
USER	Loan Request Under Load	15	START	1760300916855	1760300916855
USER	Loan Request Under Load	20	START	1760300916858	1760300916858
USER	Loan Request Under Load	9	START	1760300916854	1760300916854
USER	Loan Request Under Load	12	START	1760300916855	1760300916855
USER	Loan Request Under Load	41	START	1760300916861	1760300916861
USER	Loan Request Under Load	21	START	1760300916859	1760300916859
USER	Loan Request Under Load	28	START	1760300916860	1760300916860
USER	Loan Request Under Load	30	START	1760300916860	1760300916860
USER	Loan Request Under Load	44	START	1760300916862	1760300916862
USER	Loan Request Under Load	47	START	1760300916862	1760300916862
USER	Loan Request Under Load	16	START	1760300916856	1760300916856
USER	Loan Request Under Load	4	START	1760300916853	1760300916853
USER	Loan Request Under Load	22	START	1760300916859	1760300916859
REQUEST	55		request_loan	1760300916895	1760300918787	OK	 
USER	Loan Request Under Load	55	END	1760300916891	1760300918802
REQUEST	52		request_loan	1760300916891	1760300918852	OK	 
USER	Loan Request Under Load	52	END	1760300916890	1760300918853
REQUEST	69		request_loan	1760300916892	1760300918858	OK	 
USER	Loan Request Under Load	69	END	1760300916891	1760300918859
REQUEST	49		request_loan	1760300916891	1760300918865	OK	 
USER	Loan Request Under Load	49	END	1760300916890	1760300918865
REQUEST	40		request_loan	1760300916888	1760300918867	OK	 
USER	Loan Request Under Load	40	END	1760300916861	1760300918868
REQUEST	23		request_loan	1760300916886	1760300918871	OK	 
USER	Loan Request Under Load	23	END	1760300916859	1760300918872
REQUEST	26		request_loan	1760300916887	1760300918885	OK	 
USER	Loan Request Under Load	26	END	1760300916859	1760300918887
REQUEST	25		request_loan	1760300916888	1760300918889	OK	 
USER	Loan Request Under Load	25	END	1760300916859	1760300918890
REQUEST	119		request_loan	1760300916894	1760300918953	OK	 
REQUEST	96		request_loan	1760300916893	1760300918953	OK	 
USER	Loan Request Under Load	119	END	1760300916893	1760300918954
USER	Loan Request Under Load	96	END	1760300916893	1760300918955
REQUEST	32		request_loan	1760300916887	1760300918956	OK	 
USER	Loan Request Under Load	32	END	1760300916860	1760300918956
REQUEST	35		request_loan	1760300916886	1760300918968	OK	 
USER	Loan Request Under Load	35	END	1760300916861	1760300918969
REQUEST	34		request_loan	1760300916886	1760300918974	OK	 
USER	Loan Request Under Load	34	END	1760300916861	1760300918975
REQUEST	101		request_loan	1760300916893	1760300919051	OK	 
REQUEST	107		request_loan	1760300916893	1760300919052	OK	 
REQUEST	64		request_loan	1760300916891	1760300919052	OK	 
USER	Loan Request Under Load	101	END	1760300916893	1760300919052
USER	Loan Request Under Load	107	END	1760300916893	1760300919054
USER	Loan Request Under Load	64	END	1760300916891	1760300919057
REQUEST	57		request_loan	1760300916891	1760300919062	OK	 
USER	Loan Request Under Load	57	END	1760300916891	1760300919062
REQUEST	43		request_loan	1760300916889	1760300919063	OK	 
USER	Loan Request Under Load	43	END	1760300916862	1760300919064
REQUEST	92		request_loan	1760300916893	1760300919064	OK	 
USER	Loan Request Under Load	92	END	1760300916893	1760300919065
REQUEST	90		request_loan	1760300916893	1760300919077	OK	 
USER	Loan Request Under Load	90	END	1760300916892	1760300919077
REQUEST	15		request_loan	1760300916889	1760300919089	OK	 
USER	Loan Request Under Load	15	END	1760300916855	1760300919089
REQUEST	60		request_loan	1760300916891	1760300919090	OK	 
REQUEST	84		request_loan	1760300916892	1760300919091	OK	 
USER	Loan Request Under Load	60	END	1760300916891	1760300919091
USER	Loan Request Under Load	84	END	1760300916892	1760300919092
REQUEST	122		request_loan	1760300916894	1760300919092	OK	 
USER	Loan Request Under Load	122	END	1760300916894	1760300919093
REQUEST	130		request_loan	1760300916894	1760300919095	OK	 
USER	Loan Request Under Load	130	END	1760300916894	1760300919095
REQUEST	100		request_loan	1760300916893	1760300919095	OK	 
USER	Loan Request Under Load	100	END	1760300916893	1760300919096
REQUEST	7		request_loan	1760300916889	1760300919099	OK	 
USER	Loan Request Under Load	7	END	1760300916853	1760300919100
REQUEST	67		request_loan	1760300916892	1760300919100	OK	 
USER	Loan Request Under Load	67	END	1760300916891	1760300919100
REQUEST	11		request_loan	1760300916887	1760300919102	OK	 
USER	Loan Request Under Load	11	END	1760300916854	1760300919102
REQUEST	33		request_loan	1760300916886	1760300919104	OK	 
REQUEST	66		request_loan	1760300916891	1760300919104	OK	 
USER	Loan Request Under Load	33	END	1760300916860	1760300919104
USER	Loan Request Under Load	66	END	1760300916891	1760300919104
REQUEST	72		request_loan	1760300916892	1760300919108	OK	 
USER	Loan Request Under Load	72	END	1760300916892	1760300919108
REQUEST	3		request_loan	1760300916889	1760300919111	OK	 
USER	Loan Request Under Load	3	END	1760300916853	1760300919111
REQUEST	1		request_loan	1760300916887	1760300919127	OK	 
USER	Loan Request Under Load	1	END	1760300916853	1760300919129
REQUEST	82		request_loan	1760300916892	1760300919142	OK	 
USER	Loan Request Under Load	82	END	1760300916892	1760300919143
REQUEST	140		request_loan	1760300916895	1760300919148	OK	 
USER	Loan Request Under Load	140	END	1760300916894	1760300919149
REQUEST	37		request_loan	1760300916888	1760300919153	OK	 
USER	Loan Request Under Load	37	END	1760300916861	1760300919154
REQUEST	150		request_loan	1760300916895	1760300919154	OK	 
USER	Loan Request Under Load	150	END	1760300916895	1760300919155
REQUEST	74		request_loan	1760300916892	1760300919157	OK	 
USER	Loan Request Under Load	74	END	1760300916892	1760300919157
REQUEST	118		request_loan	1760300916894	1760300919158	OK	 
REQUEST	58		request_loan	1760300916895	1760300919158	OK	 
USER	Loan Request Under Load	118	END	1760300916893	1760300919158
USER	Loan Request Under Load	58	END	1760300916891	1760300919158
REQUEST	142		request_loan	1760300916895	1760300919163	OK	 
USER	Loan Request Under Load	142	END	1760300916894	1760300919163
REQUEST	76		request_loan	1760300916892	1760300919164	OK	 
USER	Loan Request Under Load	76	END	1760300916892	1760300919164
REQUEST	87		request_loan	1760300916893	1760300919167	OK	 
REQUEST	104		request_loan	1760300916893	1760300919167	OK	 
USER	Loan Request Under Load	104	END	1760300916893	1760300919167
USER	Loan Request Under Load	87	END	1760300916892	1760300919168
REQUEST	139		request_loan	1760300916895	1760300919170	OK	 
USER	Loan Request Under Load	139	END	1760300916894	1760300919170
REQUEST	114		request_loan	1760300916893	1760300919175	OK	 
USER	Loan Request Under Load	114	END	1760300916893	1760300919176
REQUEST	39		request_loan	1760300916888	1760300919185	OK	 
USER	Loan Request Under Load	39	END	1760300916861	1760300919186
REQUEST	46		request_loan	1760300916888	1760300919186	OK	 
REQUEST	106		request_loan	1760300916893	1760300919186	OK	 
USER	Loan Request Under Load	46	END	1760300916862	1760300919187
USER	Loan Request Under Load	106	END	1760300916893	1760300919187
REQUEST	79		request_loan	1760300916892	1760300919193	OK	 
USER	Loan Request Under Load	79	END	1760300916892	1760300919194
REQUEST	48		request_loan	1760300916889	1760300919196	OK	 
REQUEST	62		request_loan	1760300916892	1760300919197	OK	 
USER	Loan Request Under Load	48	END	1760300916862	1760300919198
USER	Loan Request Under Load	62	END	1760300916891	1760300919198
REQUEST	14		request_loan	1760300916889	1760300919200	OK	 
USER	Loan Request Under Load	14	END	1760300916855	1760300919200
REQUEST	20		request_loan	1760300916903	1760300919203	OK	 
USER	Loan Request Under Load	20	END	1760300916858	1760300919204
REQUEST	95		request_loan	1760300916893	1760300919204	OK	 
USER	Loan Request Under Load	95	END	1760300916893	1760300919204
REQUEST	68		request_loan	1760300916892	1760300919206	OK	 
USER	Loan Request Under Load	68	END	1760300916891	1760300919206
REQUEST	110		request_loan	1760300916893	1760300919206	OK	 
USER	Loan Request Under Load	110	END	1760300916893	1760300919206
REQUEST	94		request_loan	1760300916893	1760300919224	OK	 
USER	Loan Request Under Load	94	END	1760300916893	1760300919225
REQUEST	138		request_loan	1760300916894	1760300919234	OK	 
REQUEST	75		request_loan	1760300916892	1760300919235	OK	 
REQUEST	91		request_loan	1760300916893	1760300919235	OK	 
USER	Loan Request Under Load	138	END	1760300916894	1760300919235
USER	Loan Request Under Load	75	END	1760300916892	1760300919236
USER	Loan Request Under Load	91	END	1760300916892	1760300919236
REQUEST	41		request_loan	1760300916903	1760300919237	OK	 
USER	Loan Request Under Load	41	END	1760300916861	1760300919238
REQUEST	42		request_loan	1760300916886	1760300919246	OK	 
USER	Loan Request Under Load	42	END	1760300916861	1760300919248
REQUEST	18		request_loan	1760300916887	1760300919249	OK	 
USER	Loan Request Under Load	18	END	1760300916858	1760300919249
REQUEST	115		request_loan	1760300916894	1760300919250	OK	 
USER	Loan Request Under Load	115	END	1760300916893	1760300919251
REQUEST	71		request_loan	1760300916892	1760300919253	OK	 
REQUEST	136		request_loan	1760300916897	1760300919253	OK	 
USER	Loan Request Under Load	71	END	1760300916892	1760300919254
USER	Loan Request Under Load	136	END	1760300916894	1760300919254
REQUEST	99		request_loan	1760300916893	1760300919255	OK	 
REQUEST	17		request_loan	1760300916889	1760300919255	OK	 
USER	Loan Request Under Load	99	END	1760300916893	1760300919256
REQUEST	8		request_loan	1760300916889	1760300919256	OK	 
USER	Loan Request Under Load	17	END	1760300916858	1760300919256
REQUEST	124		request_loan	1760300916894	1760300919256	OK	 
USER	Loan Request Under Load	8	END	1760300916853	1760300919256
USER	Loan Request Under Load	124	END	1760300916894	1760300919257
REQUEST	126		request_loan	1760300916894	1760300919258	OK	 
USER	Loan Request Under Load	126	END	1760300916894	1760300919258
REQUEST	131		request_loan	1760300916894	1760300919259	OK	 
USER	Loan Request Under Load	131	END	1760300916894	1760300919260
REQUEST	54		request_loan	1760300916892	1760300919262	OK	 
USER	Loan Request Under Load	54	END	1760300916891	1760300919262
REQUEST	98		request_loan	1760300916893	1760300919268	OK	 
USER	Loan Request Under Load	98	END	1760300916893	1760300919268
REQUEST	22		request_loan	1760300916904	1760300919269	OK	 
USER	Loan Request Under Load	22	END	1760300916859	1760300919269
REQUEST	143		request_loan	1760300916896	1760300919269	OK	 
USER	Loan Request Under Load	143	END	1760300916894	1760300919269
REQUEST	112		request_loan	1760300916893	1760300919273	OK	 
USER	Loan Request Under Load	112	END	1760300916893	1760300919273
REQUEST	36		request_loan	1760300916889	1760300919288	OK	 
USER	Loan Request Under Load	36	END	1760300916861	1760300919288
REQUEST	146		request_loan	1760300916895	1760300919296	OK	 
USER	Loan Request Under Load	146	END	1760300916894	1760300919297
REQUEST	27		request_loan	1760300916889	1760300919302	OK	 
USER	Loan Request Under Load	27	END	1760300916860	1760300919303
REQUEST	121		request_loan	1760300916894	1760300919309	OK	 
USER	Loan Request Under Load	121	END	1760300916894	1760300919309
REQUEST	111		request_loan	1760300916893	1760300919311	OK	 
REQUEST	133		request_loan	1760300916894	1760300919312	OK	 
USER	Loan Request Under Load	111	END	1760300916893	1760300919312
USER	Loan Request Under Load	133	END	1760300916894	1760300919312
REQUEST	51		request_loan	1760300916895	1760300919313	OK	 
REQUEST	120		request_loan	1760300916894	1760300919314	OK	 
USER	Loan Request Under Load	51	END	1760300916890	1760300919314
USER	Loan Request Under Load	120	END	1760300916893	1760300919315
REQUEST	86		request_loan	1760300916893	1760300919325	OK	 
USER	Loan Request Under Load	86	END	1760300916892	1760300919326
REQUEST	147		request_loan	1760300916895	1760300919328	OK	 
REQUEST	132		request_loan	1760300916894	1760300919328	OK	 
USER	Loan Request Under Load	147	END	1760300916895	1760300919328
USER	Loan Request Under Load	132	END	1760300916894	1760300919328
REQUEST	144		request_loan	1760300916895	1760300919332	OK	 
USER	Loan Request Under Load	144	END	1760300916894	1760300919332
REQUEST	128		request_loan	1760300916894	1760300919339	OK	 
USER	Loan Request Under Load	128	END	1760300916894	1760300919340
REQUEST	2		request_loan	1760300916889	1760300919340	OK	 
USER	Loan Request Under Load	2	END	1760300916853	1760300919341
REQUEST	19		request_loan	1760300916889	1760300919341	OK	 
REQUEST	135		request_loan	1760300916894	1760300919341	OK	 
USER	Loan Request Under Load	19	END	1760300916858	1760300919342
REQUEST	78		request_loan	1760300916892	1760300919341	OK	 
USER	Loan Request Under Load	135	END	1760300916894	1760300919342
USER	Loan Request Under Load	78	END	1760300916892	1760300919342
REQUEST	89		request_loan	1760300916893	1760300919344	OK	 
USER	Loan Request Under Load	89	END	1760300916892	1760300919345
REQUEST	63		request_loan	1760300916891	1760300919347	OK	 
USER	Loan Request Under Load	63	END	1760300916891	1760300919348
REQUEST	108		request_loan	1760300916893	1760300919350	OK	 
USER	Loan Request Under Load	108	END	1760300916893	1760300919350
REQUEST	83		request_loan	1760300916892	1760300919351	OK	 
USER	Loan Request Under Load	83	END	1760300916892	1760300919352
REQUEST	103		request_loan	1760300916893	1760300919353	OK	 
USER	Loan Request Under Load	103	END	1760300916893	1760300919353
REQUEST	70		request_loan	1760300916892	1760300920656	OK	 
USER	Loan Request Under Load	70	END	1760300916891	1760300920658
REQUEST	5		request_loan	1760300916888	1760300920659	OK	 
USER	Loan Request Under Load	5	END	1760300916853	1760300920660
REQUEST	53		request_loan	1760300916895	1760300920979	OK	 
USER	Loan Request Under Load	53	END	1760300916891	1760300920980
REQUEST	65		request_loan	1760300916891	1760300920990	OK	 
REQUEST	102		request_loan	1760300916895	1760300920991	OK	 
USER	Loan Request Under Load	65	END	1760300916891	1760300920994
USER	Loan Request Under Load	102	END	1760300916893	1760300920995
REQUEST	6		request_loan	1760300916888	1760300921033	OK	 
USER	Loan Request Under Load	6	END	1760300916853	1760300921034
REQUEST	59		request_loan	1760300916895	1760300921108	OK	 
USER	Loan Request Under Load	59	END	1760300916891	1760300921109
REQUEST	44		request_loan	1760300916903	1760300921120	OK	 
USER	Loan Request Under Load	44	END	1760300916862	1760300921122
REQUEST	113		request_loan	1760300916895	1760300921124	OK	 
USER	Loan Request Under Load	113	END	1760300916893	1760300921126
REQUEST	141		request_loan	1760300916894	1760300921205	OK	 
USER	Loan Request Under Load	141	END	1760300916894	1760300921206
REQUEST	85		request_loan	1760300916892	1760300921338	OK	 
USER	Loan Request Under Load	85	END	1760300916892	1760300921339
REQUEST	16		request_loan	1760300916904	1760300921346	OK	 
USER	Loan Request Under Load	16	END	1760300916856	1760300921347
REQUEST	4		request_loan	1760300916904	1760300921354	OK	 
USER	Loan Request Under Load	4	END	1760300916853	1760300921355
REQUEST	38		request_loan	1760300916889	1760300921366	OK	 
USER	Loan Request Under Load	38	END	1760300916861	1760300921368
REQUEST	134		request_loan	1760300916894	1760300921370	OK	 
USER	Loan Request Under Load	134	END	1760300916894	1760300921372
REQUEST	127		request_loan	1760300916897	1760300921390	OK	 
REQUEST	10		request_loan	1760300916888	1760300921391	OK	 
USER	Loan Request Under Load	127	END	1760300916894	1760300921391
USER	Loan Request Under Load	10	END	1760300916854	1760300921393
REQUEST	24		request_loan	1760300916888	1760300921393	OK	 
USER	Loan Request Under Load	24	END	1760300916859	1760300921393
REQUEST	105		request_loan	1760300916893	1760300921394	OK	 
USER	Loan Request Under Load	105	END	1760300916893	1760300921396
REQUEST	148		request_loan	1760300916895	1760300921408	OK	 
USER	Loan Request Under Load	148	END	1760300916895	1760300921409
REQUEST	129		request_loan	1760300916894	1760300921444	OK	 
REQUEST	88		request_loan	1760300916894	1760300921444	OK	 
USER	Loan Request Under Load	129	END	1760300916894	1760300921445
USER	Loan Request Under Load	88	END	1760300916892	1760300921446
REQUEST	125		request_loan	1760300916894	1760300921446	OK	 
USER	Loan Request Under Load	125	END	1760300916894	1760300921446
REQUEST	47		request_loan	1760300916903	1760300921449	OK	 
USER	Loan Request Under Load	47	END	1760300916862	1760300921449
REQUEST	149		request_loan	1760300916896	1760300921453	OK	 
USER	Loan Request Under Load	149	END	1760300916895	1760300921455
REQUEST	21		request_loan	1760300916903	1760300921464	OK	 
REQUEST	80		request_loan	1760300916895	1760300921464	OK	 
REQUEST	116		request_loan	1760300916894	1760300921465	OK	 
USER	Loan Request Under Load	80	END	1760300916892	1760300921465
USER	Loan Request Under Load	116	END	1760300916893	1760300921465
USER	Loan Request Under Load	21	END	1760300916859	1760300921465
REQUEST	117		request_loan	1760300916894	1760300921466	OK	 
USER	Loan Request Under Load	117	END	1760300916893	1760300921466
REQUEST	12		request_loan	1760300916903	1760300921506	OK	 
USER	Loan Request Under Load	12	END	1760300916855	1760300921508
REQUEST	30		request_loan	1760300916903	1760300921509	OK	 
REQUEST	29		request_loan	1760300916889	1760300921509	OK	 
USER	Loan Request Under Load	30	END	1760300916860	1760300921510
REQUEST	109		request_loan	1760300916893	1760300921510	OK	 
USER	Loan Request Under Load	29	END	1760300916860	1760300921510
USER	Loan Request Under Load	109	END	1760300916893	1760300921511
REQUEST	81		request_loan	1760300916892	1760300921513	OK	 
USER	Loan Request Under Load	81	END	1760300916892	1760300921513
REQUEST	123		request_loan	1760300916894	1760300921518	OK	 
REQUEST	28		request_loan	1760300916903	1760300921518	OK	 
USER	Loan Request Under Load	123	END	1760300916894	1760300921519
USER	Loan Request Under Load	28	END	1760300916860	1760300921519
REQUEST	56		request_loan	1760300916891	1760300921529	OK	 
USER	Loan Request Under Load	56	END	1760300916891	1760300921530
REQUEST	50		request_loan	1760300916895	1760300921533	OK	 
USER	Loan Request Under Load	50	END	1760300916890	1760300921534
REQUEST	9		request_loan	1760300916903	1760300921535	OK	 
USER	Loan Request Under Load	9	END	1760300916854	1760300921536
REQUEST	77		request_loan	1760300916897	1760300921538	OK	 
USER	Loan Request Under Load	77	END	1760300916892	1760300921539
REQUEST	13		request_loan	1760300916888	1760300921543	OK	 
USER	Loan Request Under Load	13	END	1760300916854	1760300921544
REQUEST	97		request_loan	1760300916893	1760300921572	OK	 
USER	Loan Request Under Load	97	END	1760300916893	1760300921573
REQUEST	61		request_loan	1760300916891	1760300921575	OK	 
USER	Loan Request Under Load	61	END	1760300916891	1760300921576
REQUEST	145		request_loan	1760300916895	1760300921598	OK	 
USER	Loan Request Under Load	145	END	1760300916894	1760300921599
REQUEST	73		request_loan	1760300916892	1760300921601	OK	 
USER	Loan Request Under Load	73	END	1760300916892	1760300921602
REQUEST	45		request_loan	1760300916889	1760300921602	OK	 
USER	Loan Request Under Load	45	END	1760300916862	1760300921603
REQUEST	137		request_loan	1760300916895	1760300921604	OK	 
USER	Loan Request Under Load	137	END	1760300916894	1760300921604
REQUEST	93		request_loan	1760300916893	1760300921611	OK	 
USER	Loan Request Under Load	93	END	1760300916893	1760300921611
REQUEST	31		request_loan	1760300916889	1760300921616	OK	 
USER	Loan Request Under Load	31	END	1760300916860	1760300921616
