ASSERTION	AAECAAMEAAAAAAAAwFhA
ASSERTION	AAEDAAEBAwAAAAAAAHCnQA==
RUN	parabank.state.StateLoad	stateload	1760300927123	 	3.3.1
USER	Carga de Estados de cuentas	2	START	1760300928121	1760300928121
USER	Carga de Estados de cuentas	36	START	1760300928129	1760300928129
USER	Carga de Estados de cuentas	33	START	1760300928129	1760300928129
USER	Carga de Estados de cuentas	21	START	1760300928126	1760300928126
USER	Carga de Estados de cuentas	38	START	1760300928130	1760300928130
USER	Carga de Estados de cuentas	16	START	1760300928124	1760300928124
USER	Carga de Estados de cuentas	25	START	1760300928127	1760300928127
USER	Carga de Estados de cuentas	17	START	1760300928124	1760300928124
USER	Carga de Estados de cuentas	27	START	1760300928128	1760300928128
USER	Carga de Estados de cuentas	11	START	1760300928122	1760300928122
USER	Carga de Estados de cuentas	50	START	1760300928158	1760300928158
USER	Carga de Estados de cuentas	44	START	1760300928130	1760300928130
USER	Carga de Estados de cuentas	10	START	1760300928122	1760300928122
USER	Carga de Estados de cuentas	39	START	1760300928130	1760300928130
USER	Carga de Estados de cuentas	22	START	1760300928127	1760300928127
USER	Carga de Estados de cuentas	47	START	1760300928130	1760300928130
USER	Carga de Estados de cuentas	54	START	1760300928158	1760300928158
USER	Carga de Estados de cuentas	4	START	1760300928121	1760300928121
USER	Carga de Estados de cuentas	55	START	1760300928158	1760300928158
USER	Carga de Estados de cuentas	61	START	1760300928159	1760300928159
USER	Carga de Estados de cuentas	51	START	1760300928158	1760300928158
USER	Carga de Estados de cuentas	49	START	1760300928158	1760300928158
USER	Carga de Estados de cuentas	63	START	1760300928159	1760300928159
USER	Carga de Estados de cuentas	64	START	1760300928159	1760300928159
USER	Carga de Estados de cuentas	20	START	1760300928125	1760300928125
USER	Carga de Estados de cuentas	65	START	1760300928159	1760300928159
USER	Carga de Estados de cuentas	66	START	1760300928159	1760300928159
USER	Carga de Estados de cuentas	67	START	1760300928159	1760300928159
USER	Carga de Estados de cuentas	68	START	1760300928159	1760300928159
USER	Carga de Estados de cuentas	62	START	1760300928159	1760300928159
USER	Carga de Estados de cuentas	56	START	1760300928158	1760300928158
USER	Carga de Estados de cuentas	69	START	1760300928159	1760300928159
USER	Carga de Estados de cuentas	71	START	1760300928159	1760300928159
USER	Carga de Estados de cuentas	59	START	1760300928159	1760300928159
USER	Carga de Estados de cuentas	28	START	1760300928128	1760300928128
USER	Carga de Estados de cuentas	60	START	1760300928159	1760300928159
USER	Carga de Estados de cuentas	73	START	1760300928159	1760300928159
USER	Carga de Estados de cuentas	79	START	1760300928159	1760300928159
USER	Carga de Estados de cuentas	78	START	1760300928159	1760300928159
USER	Carga de Estados de cuentas	57	START	1760300928158	1760300928158
USER	Carga de Estados de cuentas	80	START	1760300928159	1760300928159
USER	Carga de Estados de cuentas	40	START	1760300928130	1760300928130
USER	Carga de Estados de cuentas	84	START	1760300928160	1760300928160
USER	Carga de Estados de cuentas	81	START	1760300928160	1760300928160
USER	Carga de Estados de cuentas	74	START	1760300928159	1760300928159
USER	Carga de Estados de cuentas	82	START	1760300928160	1760300928160
USER	Carga de Estados de cuentas	76	START	1760300928159	1760300928159
USER	Carga de Estados de cuentas	86	START	1760300928160	1760300928160
USER	Carga de Estados de cuentas	83	START	1760300928160	1760300928160
USER	Carga de Estados de cuentas	77	START	1760300928159	1760300928159
USER	Carga de Estados de cuentas	87	START	1760300928160	1760300928160
USER	Carga de Estados de cuentas	91	START	1760300928160	1760300928160
USER	Carga de Estados de cuentas	89	START	1760300928160	1760300928160
USER	Carga de Estados de cuentas	92	START	1760300928160	1760300928160
USER	Carga de Estados de cuentas	90	START	1760300928160	1760300928160
USER	Carga de Estados de cuentas	85	START	1760300928160	1760300928160
USER	Carga de Estados de cuentas	93	START	1760300928160	1760300928160
USER	Carga de Estados de cuentas	94	START	1760300928160	1760300928160
USER	Carga de Estados de cuentas	98	START	1760300928160	1760300928160
USER	Carga de Estados de cuentas	99	START	1760300928160	1760300928160
USER	Carga de Estados de cuentas	95	START	1760300928160	1760300928160
USER	Carga de Estados de cuentas	101	START	1760300928160	1760300928160
USER	Carga de Estados de cuentas	96	START	1760300928160	1760300928160
USER	Carga de Estados de cuentas	100	START	1760300928160	1760300928160
USER	Carga de Estados de cuentas	97	START	1760300928160	1760300928160
USER	Carga de Estados de cuentas	103	START	1760300928160	1760300928160
USER	Carga de Estados de cuentas	106	START	1760300928161	1760300928161
USER	Carga de Estados de cuentas	105	START	1760300928160	1760300928160
USER	Carga de Estados de cuentas	104	START	1760300928160	1760300928160
USER	Carga de Estados de cuentas	108	START	1760300928161	1760300928161
USER	Carga de Estados de cuentas	109	START	1760300928161	1760300928161
USER	Carga de Estados de cuentas	111	START	1760300928161	1760300928161
USER	Carga de Estados de cuentas	88	START	1760300928160	1760300928160
USER	Carga de Estados de cuentas	107	START	1760300928161	1760300928161
USER	Carga de Estados de cuentas	112	START	1760300928161	1760300928161
USER	Carga de Estados de cuentas	113	START	1760300928161	1760300928161
USER	Carga de Estados de cuentas	117	START	1760300928161	1760300928161
USER	Carga de Estados de cuentas	116	START	1760300928161	1760300928161
USER	Carga de Estados de cuentas	114	START	1760300928161	1760300928161
USER	Carga de Estados de cuentas	115	START	1760300928161	1760300928161
USER	Carga de Estados de cuentas	121	START	1760300928161	1760300928161
USER	Carga de Estados de cuentas	122	START	1760300928161	1760300928161
USER	Carga de Estados de cuentas	123	START	1760300928161	1760300928161
USER	Carga de Estados de cuentas	124	START	1760300928161	1760300928161
USER	Carga de Estados de cuentas	120	START	1760300928161	1760300928161
USER	Carga de Estados de cuentas	119	START	1760300928161	1760300928161
USER	Carga de Estados de cuentas	126	START	1760300928161	1760300928161
USER	Carga de Estados de cuentas	129	START	1760300928161	1760300928161
USER	Carga de Estados de cuentas	1	START	1760300928121	1760300928121
USER	Carga de Estados de cuentas	133	START	1760300928161	1760300928161
USER	Carga de Estados de cuentas	128	START	1760300928161	1760300928161
USER	Carga de Estados de cuentas	132	START	1760300928161	1760300928161
USER	Carga de Estados de cuentas	118	START	1760300928161	1760300928161
USER	Carga de Estados de cuentas	135	START	1760300928162	1760300928162
USER	Carga de Estados de cuentas	58	START	1760300928158	1760300928158
USER	Carga de Estados de cuentas	42	START	1760300928130	1760300928130
USER	Carga de Estados de cuentas	43	START	1760300928130	1760300928130
USER	Carga de Estados de cuentas	136	START	1760300928162	1760300928162
USER	Carga de Estados de cuentas	140	START	1760300928162	1760300928162
USER	Carga de Estados de cuentas	142	START	1760300928162	1760300928162
USER	Carga de Estados de cuentas	143	START	1760300928162	1760300928162
USER	Carga de Estados de cuentas	144	START	1760300928162	1760300928162
USER	Carga de Estados de cuentas	145	START	1760300928162	1760300928162
USER	Carga de Estados de cuentas	138	START	1760300928162	1760300928162
USER	Carga de Estados de cuentas	148	START	1760300928162	1760300928162
USER	Carga de Estados de cuentas	146	START	1760300928162	1760300928162
USER	Carga de Estados de cuentas	149	START	1760300928162	1760300928162
USER	Carga de Estados de cuentas	102	START	1760300928160	1760300928160
USER	Carga de Estados de cuentas	125	START	1760300928161	1760300928161
USER	Carga de Estados de cuentas	153	START	1760300928163	1760300928163
USER	Carga de Estados de cuentas	8	START	1760300928122	1760300928122
USER	Carga de Estados de cuentas	155	START	1760300928163	1760300928163
USER	Carga de Estados de cuentas	151	START	1760300928163	1760300928163
USER	Carga de Estados de cuentas	156	START	1760300928163	1760300928163
USER	Carga de Estados de cuentas	70	START	1760300928159	1760300928159
USER	Carga de Estados de cuentas	158	START	1760300928163	1760300928163
USER	Carga de Estados de cuentas	157	START	1760300928163	1760300928163
USER	Carga de Estados de cuentas	159	START	1760300928163	1760300928163
USER	Carga de Estados de cuentas	160	START	1760300928163	1760300928163
USER	Carga de Estados de cuentas	163	START	1760300928163	1760300928163
USER	Carga de Estados de cuentas	162	START	1760300928163	1760300928163
USER	Carga de Estados de cuentas	152	START	1760300928163	1760300928163
USER	Carga de Estados de cuentas	164	START	1760300928163	1760300928163
USER	Carga de Estados de cuentas	165	START	1760300928163	1760300928163
USER	Carga de Estados de cuentas	75	START	1760300928159	1760300928159
USER	Carga de Estados de cuentas	166	START	1760300928164	1760300928164
USER	Carga de Estados de cuentas	167	START	1760300928164	1760300928164
USER	Carga de Estados de cuentas	161	START	1760300928163	1760300928163
USER	Carga de Estados de cuentas	170	START	1760300928164	1760300928164
USER	Carga de Estados de cuentas	169	START	1760300928164	1760300928164
USER	Carga de Estados de cuentas	168	START	1760300928164	1760300928164
USER	Carga de Estados de cuentas	141	START	1760300928162	1760300928162
USER	Carga de Estados de cuentas	52	START	1760300928158	1760300928158
USER	Carga de Estados de cuentas	171	START	1760300928164	1760300928164
USER	Carga de Estados de cuentas	173	START	1760300928164	1760300928164
USER	Carga de Estados de cuentas	172	START	1760300928164	1760300928164
USER	Carga de Estados de cuentas	7	START	1760300928122	1760300928122
USER	Carga de Estados de cuentas	175	START	1760300928164	1760300928164
USER	Carga de Estados de cuentas	139	START	1760300928162	1760300928162
USER	Carga de Estados de cuentas	180	START	1760300928164	1760300928164
USER	Carga de Estados de cuentas	30	START	1760300928128	1760300928128
USER	Carga de Estados de cuentas	53	START	1760300928158	1760300928158
USER	Carga de Estados de cuentas	181	START	1760300928164	1760300928164
USER	Carga de Estados de cuentas	176	START	1760300928164	1760300928164
USER	Carga de Estados de cuentas	183	START	1760300928164	1760300928164
USER	Carga de Estados de cuentas	184	START	1760300928164	1760300928164
USER	Carga de Estados de cuentas	186	START	1760300928164	1760300928164
USER	Carga de Estados de cuentas	185	START	1760300928164	1760300928164
USER	Carga de Estados de cuentas	187	START	1760300928164	1760300928164
USER	Carga de Estados de cuentas	189	START	1760300928164	1760300928164
USER	Carga de Estados de cuentas	190	START	1760300928164	1760300928164
USER	Carga de Estados de cuentas	188	START	1760300928164	1760300928164
USER	Carga de Estados de cuentas	191	START	1760300928164	1760300928164
USER	Carga de Estados de cuentas	192	START	1760300928164	1760300928164
USER	Carga de Estados de cuentas	193	START	1760300928165	1760300928165
USER	Carga de Estados de cuentas	182	START	1760300928164	1760300928164
USER	Carga de Estados de cuentas	19	START	1760300928124	1760300928124
USER	Carga de Estados de cuentas	195	START	1760300928165	1760300928165
USER	Carga de Estados de cuentas	194	START	1760300928165	1760300928165
USER	Carga de Estados de cuentas	199	START	1760300928165	1760300928165
USER	Carga de Estados de cuentas	200	START	1760300928165	1760300928165
USER	Carga de Estados de cuentas	198	START	1760300928165	1760300928165
USER	Carga de Estados de cuentas	197	START	1760300928165	1760300928165
USER	Carga de Estados de cuentas	72	START	1760300928159	1760300928159
USER	Carga de Estados de cuentas	196	START	1760300928165	1760300928165
USER	Carga de Estados de cuentas	137	START	1760300928162	1760300928162
USER	Carga de Estados de cuentas	46	START	1760300928130	1760300928130
USER	Carga de Estados de cuentas	179	START	1760300928164	1760300928164
USER	Carga de Estados de cuentas	5	START	1760300928121	1760300928121
USER	Carga de Estados de cuentas	6	START	1760300928121	1760300928121
USER	Carga de Estados de cuentas	131	START	1760300928161	1760300928161
USER	Carga de Estados de cuentas	37	START	1760300928129	1760300928129
USER	Carga de Estados de cuentas	134	START	1760300928161	1760300928161
USER	Carga de Estados de cuentas	35	START	1760300928129	1760300928129
USER	Carga de Estados de cuentas	110	START	1760300928161	1760300928161
USER	Carga de Estados de cuentas	130	START	1760300928161	1760300928161
USER	Carga de Estados de cuentas	9	START	1760300928122	1760300928122
USER	Carga de Estados de cuentas	31	START	1760300928128	1760300928128
USER	Carga de Estados de cuentas	178	START	1760300928164	1760300928164
USER	Carga de Estados de cuentas	177	START	1760300928164	1760300928164
USER	Carga de Estados de cuentas	127	START	1760300928166	1760300928166
USER	Carga de Estados de cuentas	18	START	1760300928124	1760300928124
USER	Carga de Estados de cuentas	23	START	1760300928127	1760300928127
USER	Carga de Estados de cuentas	147	START	1760300928162	1760300928162
USER	Carga de Estados de cuentas	45	START	1760300928130	1760300928130
USER	Carga de Estados de cuentas	174	START	1760300928164	1760300928164
USER	Carga de Estados de cuentas	29	START	1760300928128	1760300928128
USER	Carga de Estados de cuentas	48	START	1760300928130	1760300928130
USER	Carga de Estados de cuentas	15	START	1760300928123	1760300928123
USER	Carga de Estados de cuentas	32	START	1760300928129	1760300928129
USER	Carga de Estados de cuentas	14	START	1760300928123	1760300928123
USER	Carga de Estados de cuentas	26	START	1760300928128	1760300928128
USER	Carga de Estados de cuentas	12	START	1760300928122	1760300928122
USER	Carga de Estados de cuentas	154	START	1760300928163	1760300928163
USER	Carga de Estados de cuentas	3	START	1760300928121	1760300928121
USER	Carga de Estados de cuentas	150	START	1760300928162	1760300928162
USER	Carga de Estados de cuentas	13	START	1760300928123	1760300928123
USER	Carga de Estados de cuentas	24	START	1760300928127	1760300928127
USER	Carga de Estados de cuentas	34	START	1760300928129	1760300928129
USER	Carga de Estados de cuentas	41	START	1760300928130	1760300928130
REQUEST	3		Accounts	1760300928155	1760300928908	OK	 
REQUEST	55		Accounts	1760300928159	1760300928914	OK	 
USER	Carga de Estados de cuentas	3	END	1760300928121	1760300928921
USER	Carga de Estados de cuentas	55	END	1760300928158	1760300928921
REQUEST	51		Accounts	1760300928159	1760300928923	OK	 
REQUEST	48		Accounts	1760300928156	1760300928923	OK	 
USER	Carga de Estados de cuentas	51	END	1760300928158	1760300928923
USER	Carga de Estados de cuentas	48	END	1760300928130	1760300928923
REQUEST	11		Accounts	1760300928157	1760300928929	OK	 
USER	Carga de Estados de cuentas	11	END	1760300928122	1760300928930
REQUEST	108		Accounts	1760300928161	1760300928938	OK	 
USER	Carga de Estados de cuentas	108	END	1760300928161	1760300928939
REQUEST	23		Accounts	1760300928155	1760300928939	OK	 
USER	Carga de Estados de cuentas	23	END	1760300928127	1760300928939
REQUEST	35		Accounts	1760300928155	1760300928942	OK	 
USER	Carga de Estados de cuentas	35	END	1760300928129	1760300928942
REQUEST	128		Accounts	1760300928162	1760300928945	OK	 
USER	Carga de Estados de cuentas	128	END	1760300928161	1760300928945
REQUEST	76		Accounts	1760300928160	1760300928946	OK	 
USER	Carga de Estados de cuentas	76	END	1760300928159	1760300928946
REQUEST	151		Accounts	1760300928163	1760300928958	OK	 
USER	Carga de Estados de cuentas	151	END	1760300928163	1760300928959
REQUEST	83		Accounts	1760300928160	1760300928959	OK	 
REQUEST	87		Accounts	1760300928160	1760300928960	OK	 
USER	Carga de Estados de cuentas	83	END	1760300928160	1760300928960
USER	Carga de Estados de cuentas	87	END	1760300928160	1760300928961
REQUEST	45		Accounts	1760300928155	1760300928962	OK	 
REQUEST	46		Accounts	1760300928156	1760300928962	OK	 
USER	Carga de Estados de cuentas	45	END	1760300928130	1760300928962
USER	Carga de Estados de cuentas	46	END	1760300928130	1760300928962
REQUEST	142		Accounts	1760300928162	1760300928963	OK	 
USER	Carga de Estados de cuentas	142	END	1760300928162	1760300928963
REQUEST	16		Accounts	1760300928155	1760300928969	OK	 
USER	Carga de Estados de cuentas	16	END	1760300928124	1760300928969
REQUEST	80		Accounts	1760300928160	1760300928972	OK	 
USER	Carga de Estados de cuentas	80	END	1760300928159	1760300928972
REQUEST	5		Accounts	1760300928157	1760300928975	OK	 
REQUEST	144		Accounts	1760300928162	1760300928975	OK	 
USER	Carga de Estados de cuentas	5	END	1760300928121	1760300928976
USER	Carga de Estados de cuentas	144	END	1760300928162	1760300928976
REQUEST	19		Accounts	1760300928155	1760300928977	OK	 
USER	Carga de Estados de cuentas	19	END	1760300928124	1760300928977
REQUEST	112		Accounts	1760300928161	1760300928981	OK	 
REQUEST	96		Accounts	1760300928160	1760300928981	OK	 
USER	Carga de Estados de cuentas	112	END	1760300928161	1760300928981
USER	Carga de Estados de cuentas	96	END	1760300928160	1760300928981
REQUEST	115		Accounts	1760300928161	1760300928982	OK	 
USER	Carga de Estados de cuentas	115	END	1760300928161	1760300928982
REQUEST	102		Accounts	1760300928162	1760300928983	OK	 
USER	Carga de Estados de cuentas	102	END	1760300928160	1760300928983
REQUEST	107		Accounts	1760300928161	1760300928985	OK	 
USER	Carga de Estados de cuentas	107	END	1760300928161	1760300928985
REQUEST	139		Accounts	1760300928164	1760300928985	OK	 
USER	Carga de Estados de cuentas	139	END	1760300928162	1760300928986
REQUEST	134		Accounts	1760300928165	1760300928994	OK	 
USER	Carga de Estados de cuentas	134	END	1760300928161	1760300928994
REQUEST	129		Accounts	1760300928161	1760300928994	OK	 
REQUEST	78		Accounts	1760300928160	1760300928994	OK	 
REQUEST	77		Accounts	1760300928160	1760300928994	OK	 
USER	Carga de Estados de cuentas	129	END	1760300928161	1760300928994
USER	Carga de Estados de cuentas	78	END	1760300928159	1760300928995
USER	Carga de Estados de cuentas	77	END	1760300928159	1760300928995
REQUEST	43		Accounts	1760300928155	1760300928998	OK	 
USER	Carga de Estados de cuentas	43	END	1760300928130	1760300928998
REQUEST	183		Accounts	1760300928164	1760300929004	OK	 
USER	Carga de Estados de cuentas	183	END	1760300928164	1760300929004
REQUEST	147		Accounts	1760300928163	1760300929006	OK	 
USER	Carga de Estados de cuentas	147	END	1760300928162	1760300929006
REQUEST	179		Accounts	1760300928165	1760300929007	OK	 
REQUEST	103		Accounts	1760300928161	1760300929007	OK	 
USER	Carga de Estados de cuentas	179	END	1760300928164	1760300929007
USER	Carga de Estados de cuentas	103	END	1760300928160	1760300929007
REQUEST	176		Accounts	1760300928164	1760300929010	OK	 
USER	Carga de Estados de cuentas	176	END	1760300928164	1760300929010
REQUEST	119		Accounts	1760300928161	1760300929019	OK	 
REQUEST	110		Accounts	1760300928166	1760300929019	OK	 
USER	Carga de Estados de cuentas	119	END	1760300928161	1760300929019
USER	Carga de Estados de cuentas	110	END	1760300928161	1760300929019
REQUEST	105		Accounts	1760300928161	1760300929021	OK	 
USER	Carga de Estados de cuentas	105	END	1760300928160	1760300929021
REQUEST	14		Accounts	1760300928155	1760300929023	OK	 
USER	Carga de Estados de cuentas	14	END	1760300928123	1760300929024
REQUEST	71		Accounts	1760300928159	1760300929024	OK	 
USER	Carga de Estados de cuentas	71	END	1760300928159	1760300929026
REQUEST	177		Accounts	1760300928166	1760300929031	OK	 
REQUEST	69		Accounts	1760300928159	1760300929031	OK	 
USER	Carga de Estados de cuentas	177	END	1760300928164	1760300929031
USER	Carga de Estados de cuentas	69	END	1760300928159	1760300929031
REQUEST	64		Accounts	1760300928159	1760300929033	OK	 
USER	Carga de Estados de cuentas	64	END	1760300928159	1760300929033
REQUEST	44		Accounts	1760300928155	1760300929036	OK	 
USER	Carga de Estados de cuentas	44	END	1760300928130	1760300929037
REQUEST	195		Accounts	1760300928165	1760300929037	OK	 
USER	Carga de Estados de cuentas	195	END	1760300928165	1760300929037
REQUEST	61		Accounts	1760300928159	1760300929040	OK	 
USER	Carga de Estados de cuentas	61	END	1760300928159	1760300929041
REQUEST	192		Accounts	1760300928165	1760300929041	OK	 
USER	Carga de Estados de cuentas	192	END	1760300928164	1760300929042
REQUEST	117		Accounts	1760300928161	1760300929045	OK	 
REQUEST	37		Accounts	1760300928155	1760300929045	OK	 
USER	Carga de Estados de cuentas	117	END	1760300928161	1760300929045
USER	Carga de Estados de cuentas	37	END	1760300928129	1760300929045
REQUEST	149		Accounts	1760300928163	1760300929045	OK	 
USER	Carga de Estados de cuentas	149	END	1760300928162	1760300929046
REQUEST	133		Accounts	1760300928162	1760300929046	OK	 
USER	Carga de Estados de cuentas	133	END	1760300928161	1760300929047
REQUEST	41		Accounts	1760300928169	1760300929050	OK	 
REQUEST	165		Accounts	1760300928164	1760300929050	OK	 
USER	Carga de Estados de cuentas	41	END	1760300928130	1760300929051
USER	Carga de Estados de cuentas	165	END	1760300928163	1760300929051
REQUEST	123		Accounts	1760300928161	1760300929051	OK	 
USER	Carga de Estados de cuentas	123	END	1760300928161	1760300929053
REQUEST	163		Accounts	1760300928164	1760300929054	OK	 
USER	Carga de Estados de cuentas	163	END	1760300928163	1760300929055
REQUEST	121		Accounts	1760300928161	1760300929058	OK	 
USER	Carga de Estados de cuentas	121	END	1760300928161	1760300929058
REQUEST	85		Accounts	1760300928160	1760300929063	OK	 
USER	Carga de Estados de cuentas	85	END	1760300928160	1760300929063
REQUEST	101		Accounts	1760300928160	1760300929068	OK	 
USER	Carga de Estados de cuentas	101	END	1760300928160	1760300929068
REQUEST	39		Accounts	1760300928156	1760300929072	OK	 
USER	Carga de Estados de cuentas	39	END	1760300928130	1760300929072
REQUEST	197		Accounts	1760300928165	1760300929073	OK	 
REQUEST	40		Accounts	1760300928155	1760300929073	OK	 
USER	Carga de Estados de cuentas	197	END	1760300928165	1760300929073
USER	Carga de Estados de cuentas	40	END	1760300928130	1760300929073
REQUEST	131		Accounts	1760300928165	1760300929073	OK	 
REQUEST	65		Accounts	1760300928159	1760300929073	OK	 
REQUEST	53		Accounts	1760300928164	1760300929074	OK	 
USER	Carga de Estados de cuentas	65	END	1760300928159	1760300929074
USER	Carga de Estados de cuentas	131	END	1760300928161	1760300929075
USER	Carga de Estados de cuentas	53	END	1760300928158	1760300929075
REQUEST	161		Accounts	1760300928164	1760300929080	OK	 
REQUEST	27		Accounts	1760300928157	1760300929080	OK	 
USER	Carga de Estados de cuentas	161	END	1760300928163	1760300929081
USER	Carga de Estados de cuentas	27	END	1760300928128	1760300929081
REQUEST	17		Accounts	1760300928156	1760300929082	OK	 
USER	Carga de Estados de cuentas	17	END	1760300928124	1760300929082
REQUEST	153		Accounts	1760300928163	1760300929083	OK	 
USER	Carga de Estados de cuentas	153	END	1760300928163	1760300929084
REQUEST	185		Accounts	1760300928164	1760300929088	OK	 
USER	Carga de Estados de cuentas	185	END	1760300928164	1760300929089
REQUEST	59		Accounts	1760300928159	1760300929091	OK	 
USER	Carga de Estados de cuentas	59	END	1760300928159	1760300929091
REQUEST	8		Accounts	1760300928157	1760300929092	OK	 
USER	Carga de Estados de cuentas	8	END	1760300928122	1760300929093
REQUEST	73		Accounts	1760300928160	1760300929095	OK	 
USER	Carga de Estados de cuentas	73	END	1760300928159	1760300929095
REQUEST	91		Accounts	1760300928160	1760300929096	OK	 
USER	Carga de Estados de cuentas	91	END	1760300928160	1760300929096
REQUEST	160		Accounts	1760300928163	1760300929100	OK	 
REQUEST	168		Accounts	1760300928164	1760300929100	OK	 
USER	Carga de Estados de cuentas	160	END	1760300928163	1760300929100
USER	Carga de Estados de cuentas	168	END	1760300928164	1760300929100
REQUEST	200		Accounts	1760300928165	1760300929100	OK	 
USER	Carga de Estados de cuentas	200	END	1760300928165	1760300929101
REQUEST	126		Accounts	1760300928161	1760300929102	OK	 
USER	Carga de Estados de cuentas	126	END	1760300928161	1760300929103
REQUEST	193		Accounts	1760300928165	1760300929103	OK	 
USER	Carga de Estados de cuentas	193	END	1760300928165	1760300929103
REQUEST	1		Accounts	1760300928156	1760300929105	OK	 
USER	Carga de Estados de cuentas	1	END	1760300928121	1760300929105
REQUEST	104		Accounts	1760300928161	1760300929106	OK	 
USER	Carga de Estados de cuentas	104	END	1760300928160	1760300929106
REQUEST	166		Accounts	1760300928164	1760300929116	OK	 
USER	Carga de Estados de cuentas	166	END	1760300928164	1760300929116
REQUEST	30		Accounts	1760300928156	1760300929117	OK	 
USER	Carga de Estados de cuentas	30	END	1760300928128	1760300929117
REQUEST	181		Accounts	1760300928164	1760300929126	OK	 
REQUEST	38		Accounts	1760300928156	1760300929126	OK	 
USER	Carga de Estados de cuentas	181	END	1760300928164	1760300929126
USER	Carga de Estados de cuentas	38	END	1760300928130	1760300929126
REQUEST	29		Accounts	1760300928156	1760300929129	OK	 
USER	Carga de Estados de cuentas	29	END	1760300928128	1760300929130
REQUEST	97		Accounts	1760300928161	1760300929134	OK	 
USER	Carga de Estados de cuentas	97	END	1760300928160	1760300929135
REQUEST	9		Accounts	1760300928155	1760300929139	OK	 
USER	Carga de Estados de cuentas	9	END	1760300928122	1760300929139
REQUEST	137		Accounts	1760300928165	1760300929140	OK	 
USER	Carga de Estados de cuentas	137	END	1760300928162	1760300929141
REQUEST	135		Accounts	1760300928162	1760300929141	OK	 
USER	Carga de Estados de cuentas	135	END	1760300928162	1760300929142
REQUEST	180		Accounts	1760300928164	1760300929143	OK	 
USER	Carga de Estados de cuentas	180	END	1760300928164	1760300929144
REQUEST	21		Accounts	1760300928157	1760300929144	OK	 
USER	Carga de Estados de cuentas	21	END	1760300928126	1760300929146
REQUEST	198		Accounts	1760300928165	1760300929146	OK	 
REQUEST	136		Accounts	1760300928162	1760300929147	OK	 
USER	Carga de Estados de cuentas	198	END	1760300928165	1760300929148
USER	Carga de Estados de cuentas	136	END	1760300928162	1760300929148
REQUEST	70		Accounts	1760300928163	1760300929148	OK	 
USER	Carga de Estados de cuentas	70	END	1760300928159	1760300929149
REQUEST	52		Accounts	1760300928164	1760300929154	OK	 
REQUEST	12		Accounts	1760300928155	1760300929154	OK	 
USER	Carga de Estados de cuentas	52	END	1760300928158	1760300929155
USER	Carga de Estados de cuentas	12	END	1760300928122	1760300929155
REQUEST	148		Accounts	1760300928163	1760300929155	OK	 
USER	Carga de Estados de cuentas	148	END	1760300928162	1760300929156
REQUEST	169		Accounts	1760300928164	1760300929156	OK	 
USER	Carga de Estados de cuentas	169	END	1760300928164	1760300929157
REQUEST	7		Accounts	1760300928155	1760300929165	OK	 
USER	Carga de Estados de cuentas	7	END	1760300928122	1760300929166
REQUEST	42		Accounts	1760300928156	1760300931928	OK	 
USER	Carga de Estados de cuentas	42	END	1760300928130	1760300931930
REQUEST	84		Accounts	1760300928160	1760300931931	OK	 
REQUEST	171		Accounts	1760300928164	1760300931931	OK	 
USER	Carga de Estados de cuentas	84	END	1760300928160	1760300931931
USER	Carga de Estados de cuentas	171	END	1760300928164	1760300931932
REQUEST	49		Accounts	1760300928159	1760300931937	OK	 
USER	Carga de Estados de cuentas	49	END	1760300928158	1760300931938
REQUEST	189		Accounts	1760300928165	1760300931939	OK	 
USER	Carga de Estados de cuentas	189	END	1760300928164	1760300931940
REQUEST	32		Accounts	1760300928168	1760300931946	OK	 
USER	Carga de Estados de cuentas	32	END	1760300928129	1760300931947
REQUEST	81		Accounts	1760300928160	1760300931947	OK	 
REQUEST	72		Accounts	1760300928165	1760300931948	OK	 
USER	Carga de Estados de cuentas	81	END	1760300928160	1760300931948
USER	Carga de Estados de cuentas	72	END	1760300928159	1760300931949
REQUEST	99		Accounts	1760300928160	1760300931953	OK	 
REQUEST	199		Accounts	1760300928165	1760300931953	OK	 
USER	Carga de Estados de cuentas	99	END	1760300928160	1760300931954
USER	Carga de Estados de cuentas	199	END	1760300928165	1760300931954
REQUEST	25		Accounts	1760300928156	1760300931954	OK	 
USER	Carga de Estados de cuentas	25	END	1760300928127	1760300931955
REQUEST	67		Accounts	1760300928159	1760300931956	OK	 
USER	Carga de Estados de cuentas	67	END	1760300928159	1760300931956
REQUEST	100		Accounts	1760300928161	1760300931961	OK	 
USER	Carga de Estados de cuentas	100	END	1760300928160	1760300931962
REQUEST	20		Accounts	1760300928155	1760300931964	OK	 
USER	Carga de Estados de cuentas	20	END	1760300928125	1760300931965
REQUEST	132		Accounts	1760300928162	1760300931966	OK	 
USER	Carga de Estados de cuentas	132	END	1760300928161	1760300931967
REQUEST	146		Accounts	1760300928163	1760300931973	OK	 
USER	Carga de Estados de cuentas	146	END	1760300928162	1760300931974
REQUEST	120		Accounts	1760300928161	1760300931974	OK	 
USER	Carga de Estados de cuentas	120	END	1760300928161	1760300931975
REQUEST	54		Accounts	1760300928159	1760300931975	OK	 
USER	Carga de Estados de cuentas	54	END	1760300928158	1760300931975
REQUEST	75		Accounts	1760300928164	1760300931980	OK	 
REQUEST	174		Accounts	1760300928168	1760300931981	OK	 
USER	Carga de Estados de cuentas	75	END	1760300928159	1760300931981
REQUEST	141		Accounts	1760300928164	1760300931981	OK	 
USER	Carga de Estados de cuentas	174	END	1760300928164	1760300931981
USER	Carga de Estados de cuentas	141	END	1760300928162	1760300931981
REQUEST	109		Accounts	1760300928161	1760300931983	OK	 
USER	Carga de Estados de cuentas	109	END	1760300928161	1760300931984
REQUEST	157		Accounts	1760300928163	1760300931985	OK	 
USER	Carga de Estados de cuentas	157	END	1760300928163	1760300931985
REQUEST	187		Accounts	1760300928165	1760300931988	OK	 
USER	Carga de Estados de cuentas	187	END	1760300928164	1760300931989
REQUEST	68		Accounts	1760300928159	1760300931991	OK	 
REQUEST	190		Accounts	1760300928165	1760300931992	OK	 
USER	Carga de Estados de cuentas	68	END	1760300928159	1760300931992
USER	Carga de Estados de cuentas	190	END	1760300928164	1760300931993
REQUEST	184		Accounts	1760300928164	1760300931996	OK	 
USER	Carga de Estados de cuentas	184	END	1760300928164	1760300931997
REQUEST	63		Accounts	1760300928159	1760300931998	OK	 
USER	Carga de Estados de cuentas	63	END	1760300928159	1760300931998
REQUEST	60		Accounts	1760300928159	1760300931998	OK	 
USER	Carga de Estados de cuentas	60	END	1760300928159	1760300931999
REQUEST	88		Accounts	1760300928161	1760300932000	OK	 
USER	Carga de Estados de cuentas	88	END	1760300928160	1760300932000
REQUEST	124		Accounts	1760300928161	1760300932004	OK	 
USER	Carga de Estados de cuentas	124	END	1760300928161	1760300932004
REQUEST	167		Accounts	1760300928164	1760300932007	OK	 
USER	Carga de Estados de cuentas	167	END	1760300928164	1760300932007
REQUEST	93		Accounts	1760300928160	1760300932007	OK	 
USER	Carga de Estados de cuentas	93	END	1760300928160	1760300932008
REQUEST	140		Accounts	1760300928162	1760300932012	OK	 
USER	Carga de Estados de cuentas	140	END	1760300928162	1760300932013
REQUEST	196		Accounts	1760300928165	1760300932013	OK	 
USER	Carga de Estados de cuentas	196	END	1760300928165	1760300932013
REQUEST	90		Accounts	1760300928160	1760300932014	OK	 
USER	Carga de Estados de cuentas	90	END	1760300928160	1760300932014
REQUEST	10		Accounts	1760300928156	1760300932017	OK	 
USER	Carga de Estados de cuentas	10	END	1760300928122	1760300932018
REQUEST	50		Accounts	1760300928158	1760300932024	OK	 
USER	Carga de Estados de cuentas	50	END	1760300928158	1760300932025
REQUEST	36		Accounts	1760300928156	1760300932025	OK	 
USER	Carga de Estados de cuentas	36	END	1760300928129	1760300932026
REQUEST	79		Accounts	1760300928160	1760300932028	OK	 
USER	Carga de Estados de cuentas	79	END	1760300928159	1760300932028
REQUEST	164		Accounts	1760300928164	1760300932028	OK	 
USER	Carga de Estados de cuentas	164	END	1760300928163	1760300932029
REQUEST	15		Accounts	1760300928169	1760300932031	OK	 
USER	Carga de Estados de cuentas	15	END	1760300928123	1760300932032
REQUEST	92		Accounts	1760300928160	1760300932037	OK	 
USER	Carga de Estados de cuentas	92	END	1760300928160	1760300932038
REQUEST	118		Accounts	1760300928161	1760300932041	OK	 
USER	Carga de Estados de cuentas	118	END	1760300928161	1760300932042
REQUEST	138		Accounts	1760300928162	1760300932043	OK	 
USER	Carga de Estados de cuentas	138	END	1760300928162	1760300932044
REQUEST	6		Accounts	1760300928155	1760300932045	OK	 
USER	Carga de Estados de cuentas	6	END	1760300928121	1760300932045
REQUEST	178		Accounts	1760300928166	1760300932046	OK	 
USER	Carga de Estados de cuentas	178	END	1760300928164	1760300932046
REQUEST	152		Accounts	1760300928163	1760300932049	OK	 
USER	Carga de Estados de cuentas	152	END	1760300928163	1760300932050
REQUEST	74		Accounts	1760300928160	1760300932051	OK	 
REQUEST	57		Accounts	1760300928160	1760300932051	OK	 
USER	Carga de Estados de cuentas	74	END	1760300928159	1760300932051
USER	Carga de Estados de cuentas	57	END	1760300928158	1760300932052
REQUEST	47		Accounts	1760300928158	1760300932056	OK	 
USER	Carga de Estados de cuentas	47	END	1760300928130	1760300932057
REQUEST	33		Accounts	1760300928155	1760300932059	OK	 
REQUEST	56		Accounts	1760300928159	1760300932059	OK	 
USER	Carga de Estados de cuentas	33	END	1760300928129	1760300932060
USER	Carga de Estados de cuentas	56	END	1760300928158	1760300932060
REQUEST	13		Accounts	1760300928169	1760300932061	OK	 
REQUEST	125		Accounts	1760300928162	1760300932061	OK	 
USER	Carga de Estados de cuentas	13	END	1760300928123	1760300932062
REQUEST	158		Accounts	1760300928163	1760300932062	OK	 
USER	Carga de Estados de cuentas	125	END	1760300928161	1760300932062
USER	Carga de Estados de cuentas	158	END	1760300928163	1760300932062
REQUEST	175		Accounts	1760300928164	1760300932071	OK	 
USER	Carga de Estados de cuentas	175	END	1760300928164	1760300932072
REQUEST	182		Accounts	1760300928164	1760300932073	OK	 
USER	Carga de Estados de cuentas	182	END	1760300928164	1760300932074
REQUEST	86		Accounts	1760300928160	1760300932114	OK	 
USER	Carga de Estados de cuentas	86	END	1760300928160	1760300932114
REQUEST	159		Accounts	1760300928163	1760300932118	OK	 
USER	Carga de Estados de cuentas	159	END	1760300928163	1760300932118
REQUEST	173		Accounts	1760300928164	1760300932119	OK	 
USER	Carga de Estados de cuentas	173	END	1760300928164	1760300932119
REQUEST	122		Accounts	1760300928161	1760300932122	OK	 
USER	Carga de Estados de cuentas	122	END	1760300928161	1760300932122
REQUEST	172		Accounts	1760300928164	1760300932124	OK	 
USER	Carga de Estados de cuentas	172	END	1760300928164	1760300932124
REQUEST	150		Accounts	1760300928163	1760300932127	OK	 
USER	Carga de Estados de cuentas	150	END	1760300928162	1760300932127
REQUEST	22		Accounts	1760300928158	1760300932129	OK	 
USER	Carga de Estados de cuentas	22	END	1760300928127	1760300932129
REQUEST	113		Accounts	1760300928161	1760300932129	OK	 
USER	Carga de Estados de cuentas	113	END	1760300928161	1760300932129
REQUEST	106		Accounts	1760300928161	1760300932131	OK	 
USER	Carga de Estados de cuentas	106	END	1760300928161	1760300932131
REQUEST	89		Accounts	1760300928160	1760300932140	OK	 
USER	Carga de Estados de cuentas	89	END	1760300928160	1760300932140
REQUEST	66		Accounts	1760300928159	1760300932141	OK	 
USER	Carga de Estados de cuentas	66	END	1760300928159	1760300932141
REQUEST	116		Accounts	1760300928161	1760300935963	OK	 
USER	Carga de Estados de cuentas	116	END	1760300928161	1760300935964
REQUEST	130		Accounts	1760300928166	1760300935967	OK	 
USER	Carga de Estados de cuentas	130	END	1760300928161	1760300935968
REQUEST	58		Accounts	1760300928159	1760300935968	OK	 
USER	Carga de Estados de cuentas	58	END	1760300928158	1760300935969
REQUEST	114		Accounts	1760300928161	1760300935973	OK	 
REQUEST	4		Accounts	1760300928156	1760300935973	OK	 
USER	Carga de Estados de cuentas	114	END	1760300928161	1760300935973
USER	Carga de Estados de cuentas	4	END	1760300928121	1760300935973
REQUEST	186		Accounts	1760300928164	1760300935980	OK	 
USER	Carga de Estados de cuentas	186	END	1760300928164	1760300935981
REQUEST	82		Accounts	1760300928160	1760300935981	OK	 
USER	Carga de Estados de cuentas	82	END	1760300928160	1760300935982
REQUEST	26		Accounts	1760300928169	1760300935982	OK	 
USER	Carga de Estados de cuentas	26	END	1760300928128	1760300935982
REQUEST	94		Accounts	1760300928160	1760300935982	OK	 
USER	Carga de Estados de cuentas	94	END	1760300928160	1760300935983
REQUEST	31		Accounts	1760300928156	1760300935985	OK	 
USER	Carga de Estados de cuentas	31	END	1760300928128	1760300935985
REQUEST	170		Accounts	1760300928164	1760300935986	OK	 
USER	Carga de Estados de cuentas	170	END	1760300928164	1760300935986
REQUEST	162		Accounts	1760300928164	1760300935992	OK	 
REQUEST	188		Accounts	1760300928165	1760300935992	OK	 
REQUEST	155		Accounts	1760300928163	1760300935992	OK	 
USER	Carga de Estados de cuentas	162	END	1760300928163	1760300935993
USER	Carga de Estados de cuentas	188	END	1760300928164	1760300935994
USER	Carga de Estados de cuentas	155	END	1760300928163	1760300935994
REQUEST	18		Accounts	1760300928167	1760300935996	OK	 
REQUEST	34		Accounts	1760300928169	1760300935996	OK	 
USER	Carga de Estados de cuentas	34	END	1760300928129	1760300935996
USER	Carga de Estados de cuentas	18	END	1760300928124	1760300935996
REQUEST	28		Accounts	1760300928160	1760300935997	OK	 
USER	Carga de Estados de cuentas	28	END	1760300928128	1760300935998
REQUEST	127		Accounts	1760300928167	1760300936002	OK	 
USER	Carga de Estados de cuentas	127	END	1760300928166	1760300936003
REQUEST	154		Accounts	1760300928163	1760300936055	OK	 
USER	Carga de Estados de cuentas	154	END	1760300928163	1760300936056
REQUEST	156		Accounts	1760300928163	1760300936058	OK	 
USER	Carga de Estados de cuentas	156	END	1760300928163	1760300936059
REQUEST	194		Accounts	1760300928165	1760300936061	OK	 
REQUEST	62		Accounts	1760300928159	1760300936069	OK	 
USER	Carga de Estados de cuentas	62	END	1760300928159	1760300936080
USER	Carga de Estados de cuentas	194	END	1760300928165	1760300936080
REQUEST	98		Accounts	1760300928160	1760300936080	OK	 
USER	Carga de Estados de cuentas	98	END	1760300928160	1760300936080
REQUEST	111		Accounts	1760300928161	1760300936162	OK	 
USER	Carga de Estados de cuentas	111	END	1760300928161	1760300936163
REQUEST	145		Accounts	1760300928162	1760300936165	OK	 
REQUEST	2		Accounts	1760300928156	1760300936165	OK	 
USER	Carga de Estados de cuentas	145	END	1760300928162	1760300936165
USER	Carga de Estados de cuentas	2	END	1760300928121	1760300936165
REQUEST	24		Accounts	1760300928169	1760300936169	OK	 
USER	Carga de Estados de cuentas	24	END	1760300928127	1760300936170
REQUEST	95		Accounts	1760300928160	1760300936171	OK	 
USER	Carga de Estados de cuentas	95	END	1760300928160	1760300936172
REQUEST	143		Accounts	1760300928162	1760300936172	OK	 
USER	Carga de Estados de cuentas	143	END	1760300928162	1760300936172
REQUEST	191		Accounts	1760300928165	1760300936177	OK	 
USER	Carga de Estados de cuentas	191	END	1760300928164	1760300936178
