ASSERTION	AAEDAAEBAwAAAAAAAIizQA==
RUN	parabank.login.LoginPeakLoad	loginpeakload	1760300901488	 	3.3.1
USER	Login	19	START	1760300902476	1760300902476
USER	Login	5	START	1760300902472	1760300902472
USER	Login	43	START	1760300902481	1760300902481
USER	Login	24	START	1760300902478	1760300902478
USER	Login	28	START	1760300902479	1760300902479
USER	Login	45	START	1760300902481	1760300902481
USER	Login	25	START	1760300902478	1760300902478
USER	Login	17	START	1760300902475	1760300902475
USER	Login	21	START	1760300902477	1760300902477
USER	Login	10	START	1760300902473	1760300902473
USER	Login	54	START	1760300902507	1760300902507
USER	Login	56	START	1760300902507	1760300902507
USER	Login	16	START	1760300902475	1760300902475
USER	Login	55	START	1760300902507	1760300902507
USER	Login	49	START	1760300902507	1760300902507
USER	Login	57	START	1760300902507	1760300902507
USER	Login	60	START	1760300902507	1760300902507
USER	Login	59	START	1760300902507	1760300902507
USER	Login	61	START	1760300902507	1760300902507
USER	Login	58	START	1760300902507	1760300902507
USER	Login	62	START	1760300902507	1760300902507
USER	Login	63	START	1760300902507	1760300902507
USER	Login	65	START	1760300902507	1760300902507
USER	Login	64	START	1760300902507	1760300902507
USER	Login	66	START	1760300902508	1760300902508
USER	Login	35	START	1760300902480	1760300902480
USER	Login	69	START	1760300902508	1760300902508
USER	Login	71	START	1760300902508	1760300902508
USER	Login	70	START	1760300902508	1760300902508
USER	Login	73	START	1760300902508	1760300902508
USER	Login	74	START	1760300902508	1760300902508
USER	Login	75	START	1760300902508	1760300902508
USER	Login	11	START	1760300902473	1760300902473
USER	Login	51	START	1760300902507	1760300902507
USER	Login	77	START	1760300902508	1760300902508
USER	Login	68	START	1760300902508	1760300902508
USER	Login	53	START	1760300902507	1760300902507
USER	Login	50	START	1760300902507	1760300902507
USER	Login	79	START	1760300902509	1760300902509
USER	Login	80	START	1760300902509	1760300902509
USER	Login	81	START	1760300902509	1760300902509
USER	Login	29	START	1760300902479	1760300902479
USER	Login	7	START	1760300902473	1760300902473
USER	Login	82	START	1760300902509	1760300902509
USER	Login	13	START	1760300902474	1760300902474
USER	Login	85	START	1760300902509	1760300902509
USER	Login	83	START	1760300902509	1760300902509
USER	Login	86	START	1760300902509	1760300902509
USER	Login	67	START	1760300902508	1760300902508
USER	Login	88	START	1760300902509	1760300902509
USER	Login	44	START	1760300902481	1760300902481
USER	Login	87	START	1760300902509	1760300902509
USER	Login	89	START	1760300902509	1760300902509
USER	Login	94	START	1760300902509	1760300902509
USER	Login	96	START	1760300902509	1760300902509
USER	Login	95	START	1760300902509	1760300902509
USER	Login	97	START	1760300902509	1760300902509
USER	Login	98	START	1760300902509	1760300902509
USER	Login	92	START	1760300902509	1760300902509
USER	Login	40	START	1760300902481	1760300902481
USER	Login	102	START	1760300902510	1760300902510
USER	Login	90	START	1760300902509	1760300902509
USER	Login	105	START	1760300902510	1760300902510
USER	Login	104	START	1760300902510	1760300902510
USER	Login	103	START	1760300902510	1760300902510
USER	Login	106	START	1760300902510	1760300902510
USER	Login	101	START	1760300902510	1760300902510
USER	Login	107	START	1760300902510	1760300902510
USER	Login	108	START	1760300902510	1760300902510
USER	Login	78	START	1760300902509	1760300902509
USER	Login	111	START	1760300902510	1760300902510
USER	Login	72	START	1760300902508	1760300902508
USER	Login	109	START	1760300902510	1760300902510
USER	Login	112	START	1760300902510	1760300902510
USER	Login	113	START	1760300902510	1760300902510
USER	Login	100	START	1760300902510	1760300902510
USER	Login	1	START	1760300902472	1760300902472
USER	Login	115	START	1760300902510	1760300902510
USER	Login	114	START	1760300902510	1760300902510
USER	Login	117	START	1760300902510	1760300902510
USER	Login	116	START	1760300902510	1760300902510
USER	Login	119	START	1760300902510	1760300902510
USER	Login	42	START	1760300902481	1760300902481
USER	Login	121	START	1760300902510	1760300902510
USER	Login	47	START	1760300902482	1760300902482
USER	Login	123	START	1760300902511	1760300902511
USER	Login	125	START	1760300902511	1760300902511
USER	Login	4	START	1760300902472	1760300902472
USER	Login	32	START	1760300902480	1760300902480
USER	Login	110	START	1760300902510	1760300902510
USER	Login	33	START	1760300902480	1760300902480
USER	Login	91	START	1760300902509	1760300902509
USER	Login	37	START	1760300902480	1760300902480
USER	Login	6	START	1760300902472	1760300902472
USER	Login	27	START	1760300902479	1760300902479
USER	Login	36	START	1760300902480	1760300902480
USER	Login	14	START	1760300902474	1760300902474
USER	Login	18	START	1760300902475	1760300902475
USER	Login	38	START	1760300902480	1760300902480
USER	Login	9	START	1760300902473	1760300902473
USER	Login	46	START	1760300902481	1760300902481
USER	Login	2	START	1760300902472	1760300902472
USER	Login	26	START	1760300902479	1760300902479
USER	Login	22	START	1760300902477	1760300902477
USER	Login	8	START	1760300902473	1760300902473
USER	Login	144	START	1760300902511	1760300902511
USER	Login	145	START	1760300902511	1760300902511
USER	Login	3	START	1760300902472	1760300902472
USER	Login	148	START	1760300902511	1760300902511
USER	Login	30	START	1760300902480	1760300902480
USER	Login	20	START	1760300902476	1760300902476
USER	Login	23	START	1760300902478	1760300902478
USER	Login	15	START	1760300902475	1760300902475
USER	Login	34	START	1760300902480	1760300902480
USER	Login	155	START	1760300902512	1760300902512
USER	Login	154	START	1760300902512	1760300902512
USER	Login	156	START	1760300902512	1760300902512
USER	Login	157	START	1760300902512	1760300902512
USER	Login	162	START	1760300902512	1760300902512
USER	Login	161	START	1760300902512	1760300902512
USER	Login	48	START	1760300902482	1760300902482
USER	Login	163	START	1760300902512	1760300902512
USER	Login	160	START	1760300902512	1760300902512
USER	Login	164	START	1760300902512	1760300902512
USER	Login	167	START	1760300902512	1760300902512
USER	Login	166	START	1760300902512	1760300902512
USER	Login	168	START	1760300902512	1760300902512
USER	Login	169	START	1760300902512	1760300902512
USER	Login	165	START	1760300902512	1760300902512
USER	Login	172	START	1760300902512	1760300902512
USER	Login	171	START	1760300902512	1760300902512
USER	Login	170	START	1760300902512	1760300902512
USER	Login	173	START	1760300902512	1760300902512
USER	Login	176	START	1760300902513	1760300902513
USER	Login	174	START	1760300902513	1760300902513
USER	Login	177	START	1760300902513	1760300902513
USER	Login	179	START	1760300902513	1760300902513
USER	Login	178	START	1760300902513	1760300902513
USER	Login	180	START	1760300902513	1760300902513
USER	Login	84	START	1760300902509	1760300902509
USER	Login	183	START	1760300902513	1760300902513
USER	Login	182	START	1760300902513	1760300902513
USER	Login	184	START	1760300902513	1760300902513
USER	Login	185	START	1760300902513	1760300902513
USER	Login	188	START	1760300902513	1760300902513
USER	Login	186	START	1760300902513	1760300902513
USER	Login	187	START	1760300902513	1760300902513
USER	Login	190	START	1760300902513	1760300902513
USER	Login	189	START	1760300902513	1760300902513
USER	Login	175	START	1760300902513	1760300902513
USER	Login	39	START	1760300902481	1760300902481
USER	Login	12	START	1760300902473	1760300902473
USER	Login	192	START	1760300902514	1760300902514
USER	Login	195	START	1760300902514	1760300902514
USER	Login	196	START	1760300902514	1760300902514
USER	Login	197	START	1760300902514	1760300902514
USER	Login	198	START	1760300902514	1760300902514
USER	Login	159	START	1760300902512	1760300902512
USER	Login	158	START	1760300902512	1760300902512
USER	Login	194	START	1760300902514	1760300902514
USER	Login	199	START	1760300902514	1760300902514
USER	Login	200	START	1760300902514	1760300902514
USER	Login	191	START	1760300902514	1760300902514
USER	Login	152	START	1760300902511	1760300902511
USER	Login	181	START	1760300902513	1760300902513
USER	Login	153	START	1760300902511	1760300902511
USER	Login	150	START	1760300902511	1760300902511
USER	Login	151	START	1760300902511	1760300902511
USER	Login	149	START	1760300902511	1760300902511
USER	Login	147	START	1760300902511	1760300902511
USER	Login	146	START	1760300902511	1760300902511
USER	Login	142	START	1760300902511	1760300902511
USER	Login	141	START	1760300902511	1760300902511
USER	Login	143	START	1760300902511	1760300902511
USER	Login	140	START	1760300902511	1760300902511
USER	Login	139	START	1760300902511	1760300902511
USER	Login	137	START	1760300902511	1760300902511
USER	Login	138	START	1760300902511	1760300902511
USER	Login	136	START	1760300902511	1760300902511
USER	Login	135	START	1760300902511	1760300902511
USER	Login	31	START	1760300902480	1760300902480
USER	Login	134	START	1760300902511	1760300902511
USER	Login	41	START	1760300902481	1760300902481
USER	Login	52	START	1760300902507	1760300902507
USER	Login	133	START	1760300902511	1760300902511
USER	Login	132	START	1760300902511	1760300902511
USER	Login	131	START	1760300902511	1760300902511
USER	Login	124	START	1760300902511	1760300902511
USER	Login	76	START	1760300902508	1760300902508
USER	Login	130	START	1760300902511	1760300902511
USER	Login	127	START	1760300902518	1760300902518
USER	Login	129	START	1760300902511	1760300902511
USER	Login	128	START	1760300902511	1760300902511
USER	Login	93	START	1760300902509	1760300902509
USER	Login	126	START	1760300902518	1760300902518
USER	Login	118	START	1760300902510	1760300902510
USER	Login	99	START	1760300902509	1760300902509
USER	Login	122	START	1760300902510	1760300902510
USER	Login	120	START	1760300902510	1760300902510
USER	Login	193	START	1760300902514	1760300902514
REQUEST	182		login	1760300902513	1760300903285	OK	 
REQUEST	64		login	1760300902508	1760300903284	OK	 
REQUEST	1		login	1760300902504	1760300903300	OK	 
USER	Login	1	END	1760300902472	1760300903301
USER	Login	182	END	1760300902513	1760300903301
USER	Login	64	END	1760300902507	1760300903302
REQUEST	32		login	1760300902511	1760300903302	OK	 
USER	Login	32	END	1760300902480	1760300903302
REQUEST	160		login	1760300902512	1760300903303	OK	 
USER	Login	160	END	1760300902512	1760300903303
REQUEST	112		login	1760300902510	1760300903306	OK	 
USER	Login	112	END	1760300902510	1760300903306
REQUEST	22		login	1760300902504	1760300903306	OK	 
USER	Login	22	END	1760300902477	1760300903307
REQUEST	49		login	1760300902507	1760300903311	OK	 
USER	Login	49	END	1760300902507	1760300903312
REQUEST	152		login	1760300902515	1760300903313	OK	 
USER	Login	152	END	1760300902511	1760300903314
REQUEST	118		login	1760300902519	1760300903314	OK	 
USER	Login	118	END	1760300902510	1760300903315
REQUEST	97		login	1760300902510	1760300903324	OK	 
REQUEST	29		login	1760300902504	1760300903324	OK	 
USER	Login	29	END	1760300902479	1760300903325
USER	Login	97	END	1760300902509	1760300903325
REQUEST	103		login	1760300902510	1760300903330	OK	 
USER	Login	103	END	1760300902510	1760300903330
REQUEST	73		login	1760300902508	1760300903332	OK	 
REQUEST	86		login	1760300902509	1760300903332	OK	 
USER	Login	73	END	1760300902508	1760300903333
USER	Login	86	END	1760300902509	1760300903333
REQUEST	48		login	1760300902505	1760300903334	OK	 
REQUEST	135		login	1760300902516	1760300903333	OK	 
USER	Login	48	END	1760300902482	1760300903334
USER	Login	135	END	1760300902511	1760300903334
REQUEST	96		login	1760300902510	1760300903336	OK	 
USER	Login	96	END	1760300902509	1760300903337
REQUEST	81		login	1760300902509	1760300903337	OK	 
USER	Login	81	END	1760300902509	1760300903338
REQUEST	121		login	1760300902511	1760300903338	OK	 
USER	Login	121	END	1760300902510	1760300903339
REQUEST	192		login	1760300902514	1760300903344	OK	 
USER	Login	192	END	1760300902514	1760300903344
REQUEST	150		login	1760300902515	1760300903354	OK	 
REQUEST	84		login	1760300902513	1760300903353	OK	 
REQUEST	177		login	1760300902513	1760300903354	OK	 
USER	Login	177	END	1760300902513	1760300903355
USER	Login	84	END	1760300902509	1760300903355
USER	Login	150	END	1760300902511	1760300903355
REQUEST	65		login	1760300902508	1760300903358	OK	 
USER	Login	65	END	1760300902507	1760300903358
REQUEST	107		login	1760300902510	1760300903362	OK	 
USER	Login	107	END	1760300902510	1760300903362
REQUEST	113		login	1760300902510	1760300903373	OK	 
REQUEST	157		login	1760300902512	1760300903373	OK	 
USER	Login	157	END	1760300902512	1760300903374
USER	Login	113	END	1760300902510	1760300903374
REQUEST	7		login	1760300902504	1760300903377	OK	 
USER	Login	7	END	1760300902473	1760300903377
REQUEST	105		login	1760300902510	1760300903384	OK	 
USER	Login	105	END	1760300902510	1760300903384
REQUEST	128		login	1760300902518	1760300903385	OK	 
REQUEST	61		login	1760300902507	1760300903385	OK	 
USER	Login	61	END	1760300902507	1760300903385
USER	Login	128	END	1760300902511	1760300903385
REQUEST	50		login	1760300902509	1760300903387	OK	 
USER	Login	50	END	1760300902507	1760300903387
REQUEST	75		login	1760300902508	1760300903393	OK	 
USER	Login	75	END	1760300902508	1760300903393
REQUEST	10		login	1760300902505	1760300903394	OK	 
USER	Login	10	END	1760300902473	1760300903394
REQUEST	144		login	1760300902511	1760300903395	OK	 
USER	Login	144	END	1760300902511	1760300903395
REQUEST	102		login	1760300902510	1760300903400	OK	 
USER	Login	102	END	1760300902510	1760300903401
REQUEST	47		login	1760300902505	1760300903401	OK	 
USER	Login	47	END	1760300902482	1760300903402
REQUEST	137		login	1760300902516	1760300903404	OK	 
REQUEST	176		login	1760300902513	1760300903404	OK	 
USER	Login	137	END	1760300902511	1760300903404
USER	Login	176	END	1760300902513	1760300903405
REQUEST	23		login	1760300902506	1760300903406	OK	 
REQUEST	101		login	1760300902510	1760300903406	OK	 
REQUEST	89		login	1760300902509	1760300903406	OK	 
USER	Login	89	END	1760300902509	1760300903407
USER	Login	23	END	1760300902478	1760300903407
USER	Login	101	END	1760300902510	1760300903407
REQUEST	175		login	1760300902513	1760300903410	OK	 
USER	Login	175	END	1760300902513	1760300903410
REQUEST	146		login	1760300902515	1760300903417	OK	 
USER	Login	146	END	1760300902511	1760300903418
REQUEST	74		login	1760300902508	1760300903419	OK	 
USER	Login	74	END	1760300902508	1760300903420
REQUEST	24		login	1760300902505	1760300903421	OK	 
USER	Login	24	END	1760300902478	1760300903421
REQUEST	169		login	1760300902513	1760300903423	OK	 
USER	Login	169	END	1760300902512	1760300903423
REQUEST	165		login	1760300902513	1760300903427	OK	 
USER	Login	165	END	1760300902512	1760300903427
REQUEST	70		login	1760300902508	1760300903429	OK	 
USER	Login	70	END	1760300902508	1760300903429
REQUEST	110		login	1760300902511	1760300903432	OK	 
USER	Login	110	END	1760300902510	1760300903433
REQUEST	171		login	1760300902513	1760300903434	OK	 
REQUEST	124		login	1760300902518	1760300903434	OK	 
USER	Login	171	END	1760300902512	1760300903435
USER	Login	124	END	1760300902511	1760300903435
REQUEST	178		login	1760300902513	1760300903439	OK	 
REQUEST	71		login	1760300902508	1760300903439	OK	 
USER	Login	178	END	1760300902513	1760300903440
USER	Login	71	END	1760300902508	1760300903440
REQUEST	125		login	1760300902511	1760300903442	OK	 
USER	Login	125	END	1760300902511	1760300903443
REQUEST	161		login	1760300902512	1760300903446	OK	 
USER	Login	161	END	1760300902512	1760300903446
REQUEST	5		login	1760300902506	1760300903448	OK	 
USER	Login	5	END	1760300902472	1760300903448
REQUEST	129		login	1760300902518	1760300903450	OK	 
USER	Login	129	END	1760300902511	1760300903450
REQUEST	139		login	1760300902516	1760300903452	OK	 
REQUEST	33		login	1760300902511	1760300903452	OK	 
REQUEST	166		login	1760300902512	1760300903452	OK	 
USER	Login	33	END	1760300902480	1760300903453
USER	Login	139	END	1760300902511	1760300903453
USER	Login	166	END	1760300902512	1760300903453
REQUEST	167		login	1760300902512	1760300903455	OK	 
USER	Login	167	END	1760300902512	1760300903456
REQUEST	8		login	1760300902504	1760300903468	OK	 
USER	Login	8	END	1760300902473	1760300903469
REQUEST	52		login	1760300902517	1760300903469	OK	 
USER	Login	52	END	1760300902507	1760300903471
REQUEST	54		login	1760300902507	1760300903472	OK	 
USER	Login	54	END	1760300902507	1760300903472
REQUEST	174		login	1760300902513	1760300903474	OK	 
REQUEST	40		login	1760300902504	1760300903474	OK	 
USER	Login	174	END	1760300902513	1760300903474
REQUEST	145		login	1760300902511	1760300903474	OK	 
USER	Login	40	END	1760300902481	1760300903474
USER	Login	145	END	1760300902511	1760300903475
REQUEST	17		login	1760300902505	1760300903479	OK	 
USER	Login	17	END	1760300902475	1760300903479
REQUEST	93		login	1760300902518	1760300903481	OK	 
USER	Login	93	END	1760300902509	1760300903481
REQUEST	88		login	1760300902509	1760300903484	OK	 
REQUEST	193		login	1760300902522	1760300903484	OK	 
USER	Login	88	END	1760300902509	1760300903484
USER	Login	193	END	1760300902514	1760300903484
REQUEST	56		login	1760300902507	1760300903490	OK	 
REQUEST	199		login	1760300902514	1760300903490	OK	 
REQUEST	16		login	1760300902504	1760300903490	OK	 
USER	Login	56	END	1760300902507	1760300903490
USER	Login	16	END	1760300902475	1760300903490
USER	Login	199	END	1760300902514	1760300903490
REQUEST	80		login	1760300902509	1760300903493	OK	 
USER	Login	80	END	1760300902509	1760300903494
REQUEST	79		login	1760300902509	1760300903496	OK	 
USER	Login	79	END	1760300902509	1760300903497
REQUEST	46		login	1760300902506	1760300903497	OK	 
USER	Login	46	END	1760300902481	1760300903498
REQUEST	111		login	1760300902510	1760300903499	OK	 
USER	Login	111	END	1760300902510	1760300903499
REQUEST	9		login	1760300902505	1760300903501	OK	 
USER	Login	9	END	1760300902473	1760300903501
REQUEST	189		login	1760300902514	1760300903502	OK	 
USER	Login	189	END	1760300902513	1760300903502
REQUEST	25		login	1760300902505	1760300903504	OK	 
USER	Login	25	END	1760300902478	1760300903504
REQUEST	39		login	1760300902505	1760300903504	OK	 
USER	Login	39	END	1760300902481	1760300903504
REQUEST	120		login	1760300902519	1760300903508	OK	 
USER	Login	120	END	1760300902510	1760300903508
REQUEST	11		login	1760300902505	1760300903510	OK	 
USER	Login	11	END	1760300902473	1760300903511
REQUEST	15		login	1760300902512	1760300903511	OK	 
USER	Login	15	END	1760300902475	1760300903511
REQUEST	108		login	1760300902510	1760300903512	OK	 
USER	Login	108	END	1760300902510	1760300903512
REQUEST	57		login	1760300902507	1760300903514	OK	 
USER	Login	57	END	1760300902507	1760300903515
REQUEST	69		login	1760300902508	1760300903515	OK	 
USER	Login	69	END	1760300902508	1760300903515
REQUEST	43		login	1760300902506	1760300903522	OK	 
USER	Login	43	END	1760300902481	1760300903523
REQUEST	104		login	1760300902510	1760300903523	OK	 
REQUEST	78		login	1760300902510	1760300903523	OK	 
USER	Login	78	END	1760300902509	1760300903524
USER	Login	104	END	1760300902510	1760300903524
REQUEST	18		login	1760300902505	1760300903564	OK	 
REQUEST	184		login	1760300902513	1760300903564	OK	 
REQUEST	28		login	1760300902505	1760300903564	OK	 
REQUEST	185		login	1760300902513	1760300903564	OK	 
REQUEST	36		login	1760300902504	1760300903564	OK	 
REQUEST	14		login	1760300902504	1760300903564	OK	 
USER	Login	28	END	1760300902479	1760300903565
USER	Login	18	END	1760300902475	1760300903565
USER	Login	185	END	1760300902513	1760300903565
USER	Login	36	END	1760300902480	1760300903565
REQUEST	42		login	1760300902505	1760300903565	OK	 
USER	Login	14	END	1760300902474	1760300903565
USER	Login	184	END	1760300902513	1760300903566
REQUEST	142		login	1760300902515	1760300903566	OK	 
USER	Login	42	END	1760300902481	1760300903566
USER	Login	142	END	1760300902511	1760300903567
REQUEST	41		login	1760300902505	1760300906259	OK	 
USER	Login	41	END	1760300902481	1760300906259
REQUEST	154		login	1760300902512	1760300906262	OK	 
USER	Login	154	END	1760300902512	1760300906263
REQUEST	20		login	1760300902504	1760300906274	OK	 
REQUEST	76		login	1760300902511	1760300906274	OK	 
REQUEST	115		login	1760300902511	1760300906274	OK	 
USER	Login	20	END	1760300902476	1760300906274
USER	Login	76	END	1760300902508	1760300906274
REQUEST	90		login	1760300902510	1760300906274	OK	 
USER	Login	115	END	1760300902510	1760300906274
USER	Login	90	END	1760300902509	1760300906275
REQUEST	130		login	1760300902518	1760300906277	OK	 
REQUEST	147		login	1760300902515	1760300906278	OK	 
USER	Login	130	END	1760300902511	1760300906278
USER	Login	147	END	1760300902511	1760300906279
REQUEST	37		login	1760300902505	1760300906280	OK	 
USER	Login	37	END	1760300902480	1760300906281
REQUEST	55		login	1760300902507	1760300906292	OK	 
REQUEST	38		login	1760300902506	1760300906292	OK	 
REQUEST	92		login	1760300902510	1760300906292	OK	 
REQUEST	35		login	1760300902508	1760300906292	OK	 
REQUEST	116		login	1760300902511	1760300906294	OK	 
REQUEST	122		login	1760300902519	1760300906294	OK	 
USER	Login	38	END	1760300902480	1760300906294
USER	Login	55	END	1760300902507	1760300906295
USER	Login	92	END	1760300902509	1760300906296
USER	Login	35	END	1760300902480	1760300906296
USER	Login	122	END	1760300902510	1760300906296
USER	Login	116	END	1760300902510	1760300906296
REQUEST	62		login	1760300902508	1760300906300	OK	 
USER	Login	62	END	1760300902507	1760300906301
REQUEST	187		login	1760300902514	1760300906302	OK	 
USER	Login	187	END	1760300902513	1760300906302
REQUEST	94		login	1760300902509	1760300906302	OK	 
USER	Login	94	END	1760300902509	1760300906304
REQUEST	21		login	1760300902505	1760300906305	OK	 
USER	Login	21	END	1760300902477	1760300906305
REQUEST	149		login	1760300902515	1760300906309	OK	 
USER	Login	149	END	1760300902511	1760300906310
REQUEST	45		login	1760300902506	1760300906312	OK	 
USER	Login	45	END	1760300902481	1760300906312
REQUEST	3		login	1760300902505	1760300906317	OK	 
REQUEST	77		login	1760300902509	1760300906317	OK	 
USER	Login	3	END	1760300902472	1760300906317
USER	Login	77	END	1760300902508	1760300906317
REQUEST	13		login	1760300902505	1760300906322	OK	 
REQUEST	91		login	1760300902511	1760300906323	OK	 
USER	Login	13	END	1760300902474	1760300906323
USER	Login	91	END	1760300902509	1760300906323
REQUEST	173		login	1760300902513	1760300906327	OK	 
USER	Login	173	END	1760300902512	1760300906336
REQUEST	156		login	1760300902512	1760300906336	OK	 
REQUEST	82		login	1760300902509	1760300906336	OK	 
USER	Login	156	END	1760300902512	1760300906337
USER	Login	82	END	1760300902509	1760300906337
REQUEST	143		login	1760300902516	1760300906336	OK	 
REQUEST	4		login	1760300902505	1760300906336	OK	 
USER	Login	143	END	1760300902511	1760300906337
USER	Login	4	END	1760300902472	1760300906337
REQUEST	141		login	1760300902515	1760300906343	OK	 
USER	Login	141	END	1760300902511	1760300906343
REQUEST	180		login	1760300902513	1760300906348	OK	 
USER	Login	180	END	1760300902513	1760300906349
REQUEST	163		login	1760300902512	1760300906349	OK	 
USER	Login	163	END	1760300902512	1760300906350
REQUEST	59		login	1760300902507	1760300906353	OK	 
USER	Login	59	END	1760300902507	1760300906353
REQUEST	159		login	1760300902514	1760300906354	OK	 
REQUEST	162		login	1760300902512	1760300906355	OK	 
USER	Login	159	END	1760300902512	1760300906355
USER	Login	162	END	1760300902512	1760300906355
REQUEST	109		login	1760300902510	1760300906356	OK	 
USER	Login	109	END	1760300902510	1760300906357
REQUEST	151		login	1760300902515	1760300906359	OK	 
USER	Login	151	END	1760300902511	1760300906359
REQUEST	44		login	1760300902505	1760300906361	OK	 
USER	Login	44	END	1760300902481	1760300906361
REQUEST	131		login	1760300902517	1760300906361	OK	 
USER	Login	131	END	1760300902511	1760300906362
REQUEST	197		login	1760300902514	1760300906365	OK	 
USER	Login	197	END	1760300902514	1760300906366
REQUEST	100		login	1760300902510	1760300906366	OK	 
USER	Login	100	END	1760300902510	1760300906367
REQUEST	181		login	1760300902515	1760300906371	OK	 
USER	Login	181	END	1760300902513	1760300906372
REQUEST	31		login	1760300902505	1760300906374	OK	 
USER	Login	31	END	1760300902480	1760300906374
REQUEST	127		login	1760300902518	1760300906375	OK	 
USER	Login	127	END	1760300902518	1760300906375
REQUEST	2		login	1760300902505	1760300906382	OK	 
USER	Login	2	END	1760300902472	1760300906382
REQUEST	114		login	1760300902511	1760300906382	OK	 
USER	Login	114	END	1760300902510	1760300906383
REQUEST	186		login	1760300902514	1760300906386	OK	 
USER	Login	186	END	1760300902513	1760300906386
REQUEST	72		login	1760300902510	1760300906388	OK	 
REQUEST	98		login	1760300902510	1760300906388	OK	 
USER	Login	72	END	1760300902508	1760300906388
USER	Login	98	END	1760300902509	1760300906389
REQUEST	85		login	1760300902509	1760300906392	OK	 
USER	Login	85	END	1760300902509	1760300906392
REQUEST	195		login	1760300902514	1760300906395	OK	 
REQUEST	194		login	1760300902514	1760300906395	OK	 
USER	Login	195	END	1760300902514	1760300906395
USER	Login	194	END	1760300902514	1760300906395
REQUEST	60		login	1760300902507	1760300906395	OK	 
USER	Login	60	END	1760300902507	1760300906396
REQUEST	30		login	1760300902506	1760300906402	OK	 
REQUEST	168		login	1760300902512	1760300906402	OK	 
USER	Login	30	END	1760300902480	1760300906402
USER	Login	168	END	1760300902512	1760300906402
REQUEST	126		login	1760300902518	1760300906402	OK	 
USER	Login	126	END	1760300902518	1760300906403
REQUEST	198		login	1760300902514	1760300906405	OK	 
USER	Login	198	END	1760300902514	1760300906406
REQUEST	170		login	1760300902513	1760300906419	OK	 
USER	Login	170	END	1760300902512	1760300906420
REQUEST	27		login	1760300902504	1760300906422	OK	 
REQUEST	179		login	1760300902513	1760300906422	OK	 
REQUEST	67		login	1760300902508	1760300906422	OK	 
USER	Login	67	END	1760300902508	1760300906422
USER	Login	179	END	1760300902513	1760300906422
USER	Login	27	END	1760300902479	1760300906422
REQUEST	188		login	1760300902514	1760300906426	OK	 
USER	Login	188	END	1760300902513	1760300906426
REQUEST	190		login	1760300902514	1760300906433	OK	 
USER	Login	190	END	1760300902513	1760300906433
REQUEST	12		login	1760300902506	1760300906434	OK	 
USER	Login	12	END	1760300902473	1760300906434
REQUEST	158		login	1760300902514	1760300906436	OK	 
USER	Login	158	END	1760300902512	1760300906437
REQUEST	117		login	1760300902511	1760300906446	OK	 
REQUEST	58		login	1760300902507	1760300906446	OK	 
USER	Login	117	END	1760300902510	1760300906446
USER	Login	58	END	1760300902507	1760300906446
REQUEST	134		login	1760300902517	1760300906448	OK	 
USER	Login	134	END	1760300902511	1760300906449
REQUEST	183		login	1760300902513	1760300906450	OK	 
USER	Login	183	END	1760300902513	1760300906450
REQUEST	191		login	1760300902514	1760300906453	OK	 
USER	Login	191	END	1760300902514	1760300906453
REQUEST	155		login	1760300902512	1760300906459	OK	 
REQUEST	119		login	1760300902511	1760300906459	OK	 
USER	Login	155	END	1760300902512	1760300906459
USER	Login	119	END	1760300902510	1760300906459
REQUEST	63		login	1760300902508	1760300906460	OK	 
USER	Login	63	END	1760300902507	1760300906460
REQUEST	164		login	1760300902512	1760300906464	OK	 
USER	Login	164	END	1760300902512	1760300906464
REQUEST	87		login	1760300902509	1760300906471	OK	 
USER	Login	87	END	1760300902509	1760300906471
REQUEST	138		login	1760300902516	1760300906472	OK	 
USER	Login	138	END	1760300902511	1760300906472
REQUEST	95		login	1760300902510	1760300906480	OK	 
REQUEST	106		login	1760300902510	1760300906480	OK	 
USER	Login	95	END	1760300902509	1760300906481
USER	Login	106	END	1760300902510	1760300906481
REQUEST	19		login	1760300902504	1760300906487	OK	 
USER	Login	19	END	1760300902476	1760300906488
REQUEST	83		login	1760300902509	1760300906492	OK	 
USER	Login	83	END	1760300902509	1760300906492
REQUEST	148		login	1760300902512	1760300906499	OK	 
USER	Login	148	END	1760300902511	1760300906499
REQUEST	153		login	1760300902515	1760300906501	OK	 
USER	Login	153	END	1760300902511	1760300906502
REQUEST	132		login	1760300902517	1760300910275	OK	 
REQUEST	53		login	1760300902509	1760300910275	OK	 
USER	Login	132	END	1760300902511	1760300910276
USER	Login	53	END	1760300902507	1760300910276
REQUEST	172		login	1760300902513	1760300910286	OK	 
REQUEST	133		login	1760300902517	1760300910286	OK	 
REQUEST	68		login	1760300902509	1760300910286	OK	 
USER	Login	68	END	1760300902508	1760300910287
USER	Login	133	END	1760300902511	1760300910288
USER	Login	172	END	1760300902512	1760300910288
REQUEST	196		login	1760300902514	1760300910288	OK	 
USER	Login	196	END	1760300902514	1760300910288
REQUEST	66		login	1760300902508	1760300910289	OK	 
USER	Login	66	END	1760300902508	1760300910290
REQUEST	34		login	1760300902505	1760300910315	OK	 
USER	Login	34	END	1760300902480	1760300910323
REQUEST	140		login	1760300902516	1760300910324	OK	 
REQUEST	51		login	1760300902509	1760300910324	OK	 
USER	Login	140	END	1760300902511	1760300910325
USER	Login	51	END	1760300902507	1760300910325
REQUEST	123		login	1760300902511	1760300910326	OK	 
USER	Login	123	END	1760300902511	1760300910326
REQUEST	136		login	1760300902516	1760300910327	OK	 
USER	Login	136	END	1760300902511	1760300910328
REQUEST	99		login	1760300902510	1760300910330	OK	 
USER	Login	99	END	1760300902509	1760300910330
REQUEST	26		login	1760300902505	1760300910334	OK	 
USER	Login	26	END	1760300902479	1760300910334
REQUEST	6		login	1760300902505	1760300910359	OK	 
REQUEST	200		login	1760300902514	1760300910360	OK	 
USER	Login	6	END	1760300902472	1760300910361
USER	Login	200	END	1760300902514	1760300910361
