ASSERTION	AAEDAAEBAQAAAAAAAHCnQA==
ASSERTION	AAECAAIBAAAAAAAAAPA/
RUN	parabank.payment.Payment	payment	1760300941581	 	3.3.1
USER	make payments simultaneously	15	START	1760300942611	1760300942611
USER	make payments simultaneously	29	START	1760300942613	1760300942613
USER	make payments simultaneously	34	START	1760300942614	1760300942614
USER	make payments simultaneously	41	START	1760300942616	1760300942616
USER	make payments simultaneously	19	START	1760300942612	1760300942612
USER	make payments simultaneously	18	START	1760300942611	1760300942611
USER	make payments simultaneously	22	START	1760300942612	1760300942612
USER	make payments simultaneously	6	START	1760300942606	1760300942606
USER	make payments simultaneously	11	START	1760300942608	1760300942608
USER	make payments simultaneously	24	START	1760300942613	1760300942613
USER	make payments simultaneously	25	START	1760300942613	1760300942613
USER	make payments simultaneously	21	START	1760300942612	1760300942612
USER	make payments simultaneously	54	START	1760300942644	1760300942644
USER	make payments simultaneously	49	START	1760300942644	1760300942644
USER	make payments simultaneously	53	START	1760300942644	1760300942644
USER	make payments simultaneously	51	START	1760300942644	1760300942644
USER	make payments simultaneously	52	START	1760300942644	1760300942644
USER	make payments simultaneously	55	START	1760300942644	1760300942644
USER	make payments simultaneously	56	START	1760300942644	1760300942644
USER	make payments simultaneously	50	START	1760300942644	1760300942644
USER	make payments simultaneously	57	START	1760300942644	1760300942644
USER	make payments simultaneously	58	START	1760300942645	1760300942645
USER	make payments simultaneously	59	START	1760300942645	1760300942645
USER	make payments simultaneously	60	START	1760300942645	1760300942645
USER	make payments simultaneously	61	START	1760300942645	1760300942645
USER	make payments simultaneously	63	START	1760300942645	1760300942645
USER	make payments simultaneously	62	START	1760300942645	1760300942645
USER	make payments simultaneously	64	START	1760300942645	1760300942645
USER	make payments simultaneously	65	START	1760300942645	1760300942645
USER	make payments simultaneously	67	START	1760300942645	1760300942645
USER	make payments simultaneously	68	START	1760300942645	1760300942645
USER	make payments simultaneously	71	START	1760300942645	1760300942645
USER	make payments simultaneously	69	START	1760300942645	1760300942645
USER	make payments simultaneously	70	START	1760300942645	1760300942645
USER	make payments simultaneously	31	START	1760300942614	1760300942614
USER	make payments simultaneously	48	START	1760300942617	1760300942617
USER	make payments simultaneously	5	START	1760300942606	1760300942606
USER	make payments simultaneously	75	START	1760300942645	1760300942645
USER	make payments simultaneously	76	START	1760300942645	1760300942645
USER	make payments simultaneously	74	START	1760300942645	1760300942645
USER	make payments simultaneously	77	START	1760300942645	1760300942645
USER	make payments simultaneously	20	START	1760300942612	1760300942612
USER	make payments simultaneously	72	START	1760300942645	1760300942645
USER	make payments simultaneously	79	START	1760300942645	1760300942645
USER	make payments simultaneously	73	START	1760300942645	1760300942645
USER	make payments simultaneously	82	START	1760300942645	1760300942645
USER	make payments simultaneously	36	START	1760300942614	1760300942614
USER	make payments simultaneously	81	START	1760300942645	1760300942645
USER	make payments simultaneously	83	START	1760300942645	1760300942645
USER	make payments simultaneously	66	START	1760300942645	1760300942645
USER	make payments simultaneously	84	START	1760300942645	1760300942645
USER	make payments simultaneously	27	START	1760300942613	1760300942613
USER	make payments simultaneously	92	START	1760300942646	1760300942646
USER	make payments simultaneously	93	START	1760300942646	1760300942646
USER	make payments simultaneously	94	START	1760300942646	1760300942646
USER	make payments simultaneously	85	START	1760300942645	1760300942645
USER	make payments simultaneously	87	START	1760300942645	1760300942645
USER	make payments simultaneously	78	START	1760300942645	1760300942645
USER	make payments simultaneously	35	START	1760300942614	1760300942614
USER	make payments simultaneously	45	START	1760300942616	1760300942616
USER	make payments simultaneously	4	START	1760300942606	1760300942606
USER	make payments simultaneously	28	START	1760300942613	1760300942613
USER	make payments simultaneously	103	START	1760300942646	1760300942646
USER	make payments simultaneously	102	START	1760300942646	1760300942646
USER	make payments simultaneously	98	START	1760300942646	1760300942646
USER	make payments simultaneously	104	START	1760300942646	1760300942646
USER	make payments simultaneously	106	START	1760300942646	1760300942646
USER	make payments simultaneously	105	START	1760300942646	1760300942646
USER	make payments simultaneously	86	START	1760300942645	1760300942645
USER	make payments simultaneously	108	START	1760300942646	1760300942646
USER	make payments simultaneously	107	START	1760300942646	1760300942646
USER	make payments simultaneously	109	START	1760300942646	1760300942646
USER	make payments simultaneously	112	START	1760300942646	1760300942646
USER	make payments simultaneously	113	START	1760300942647	1760300942647
USER	make payments simultaneously	115	START	1760300942647	1760300942647
USER	make payments simultaneously	110	START	1760300942646	1760300942646
USER	make payments simultaneously	118	START	1760300942647	1760300942647
USER	make payments simultaneously	117	START	1760300942647	1760300942647
USER	make payments simultaneously	116	START	1760300942647	1760300942647
USER	make payments simultaneously	111	START	1760300942646	1760300942646
USER	make payments simultaneously	119	START	1760300942647	1760300942647
USER	make payments simultaneously	120	START	1760300942647	1760300942647
USER	make payments simultaneously	121	START	1760300942647	1760300942647
USER	make payments simultaneously	123	START	1760300942647	1760300942647
USER	make payments simultaneously	125	START	1760300942647	1760300942647
USER	make payments simultaneously	124	START	1760300942647	1760300942647
USER	make payments simultaneously	122	START	1760300942647	1760300942647
USER	make payments simultaneously	128	START	1760300942647	1760300942647
USER	make payments simultaneously	130	START	1760300942647	1760300942647
USER	make payments simultaneously	126	START	1760300942647	1760300942647
USER	make payments simultaneously	129	START	1760300942647	1760300942647
USER	make payments simultaneously	131	START	1760300942647	1760300942647
USER	make payments simultaneously	127	START	1760300942647	1760300942647
USER	make payments simultaneously	134	START	1760300942647	1760300942647
USER	make payments simultaneously	135	START	1760300942647	1760300942647
USER	make payments simultaneously	133	START	1760300942647	1760300942647
USER	make payments simultaneously	137	START	1760300942648	1760300942648
USER	make payments simultaneously	138	START	1760300942648	1760300942648
USER	make payments simultaneously	88	START	1760300942646	1760300942646
USER	make payments simultaneously	136	START	1760300942648	1760300942648
USER	make payments simultaneously	140	START	1760300942648	1760300942648
USER	make payments simultaneously	141	START	1760300942648	1760300942648
USER	make payments simultaneously	139	START	1760300942648	1760300942648
USER	make payments simultaneously	144	START	1760300942648	1760300942648
USER	make payments simultaneously	143	START	1760300942648	1760300942648
USER	make payments simultaneously	142	START	1760300942648	1760300942648
USER	make payments simultaneously	145	START	1760300942648	1760300942648
USER	make payments simultaneously	147	START	1760300942648	1760300942648
USER	make payments simultaneously	148	START	1760300942648	1760300942648
USER	make payments simultaneously	149	START	1760300942648	1760300942648
USER	make payments simultaneously	146	START	1760300942648	1760300942648
USER	make payments simultaneously	150	START	1760300942648	1760300942648
USER	make payments simultaneously	151	START	1760300942648	1760300942648
USER	make payments simultaneously	132	START	1760300942647	1760300942647
USER	make payments simultaneously	89	START	1760300942646	1760300942646
USER	make payments simultaneously	153	START	1760300942648	1760300942648
USER	make payments simultaneously	156	START	1760300942648	1760300942648
USER	make payments simultaneously	154	START	1760300942648	1760300942648
USER	make payments simultaneously	159	START	1760300942648	1760300942648
USER	make payments simultaneously	158	START	1760300942648	1760300942648
USER	make payments simultaneously	157	START	1760300942648	1760300942648
USER	make payments simultaneously	160	START	1760300942648	1760300942648
USER	make payments simultaneously	161	START	1760300942649	1760300942649
USER	make payments simultaneously	90	START	1760300942646	1760300942646
USER	make payments simultaneously	164	START	1760300942649	1760300942649
USER	make payments simultaneously	162	START	1760300942649	1760300942649
USER	make payments simultaneously	163	START	1760300942649	1760300942649
USER	make payments simultaneously	152	START	1760300942648	1760300942648
USER	make payments simultaneously	165	START	1760300942649	1760300942649
USER	make payments simultaneously	168	START	1760300942649	1760300942649
USER	make payments simultaneously	167	START	1760300942649	1760300942649
USER	make payments simultaneously	169	START	1760300942649	1760300942649
USER	make payments simultaneously	171	START	1760300942649	1760300942649
USER	make payments simultaneously	170	START	1760300942649	1760300942649
USER	make payments simultaneously	39	START	1760300942615	1760300942615
USER	make payments simultaneously	166	START	1760300942649	1760300942649
USER	make payments simultaneously	96	START	1760300942646	1760300942646
USER	make payments simultaneously	174	START	1760300942649	1760300942649
USER	make payments simultaneously	179	START	1760300942649	1760300942649
USER	make payments simultaneously	180	START	1760300942649	1760300942649
USER	make payments simultaneously	181	START	1760300942649	1760300942649
USER	make payments simultaneously	178	START	1760300942649	1760300942649
USER	make payments simultaneously	155	START	1760300942648	1760300942648
USER	make payments simultaneously	182	START	1760300942649	1760300942649
USER	make payments simultaneously	183	START	1760300942649	1760300942649
USER	make payments simultaneously	185	START	1760300942650	1760300942650
USER	make payments simultaneously	187	START	1760300942650	1760300942650
USER	make payments simultaneously	186	START	1760300942650	1760300942650
USER	make payments simultaneously	114	START	1760300942647	1760300942647
USER	make payments simultaneously	190	START	1760300942650	1760300942650
USER	make payments simultaneously	184	START	1760300942649	1760300942649
USER	make payments simultaneously	189	START	1760300942650	1760300942650
USER	make payments simultaneously	191	START	1760300942650	1760300942650
USER	make payments simultaneously	188	START	1760300942650	1760300942650
USER	make payments simultaneously	192	START	1760300942650	1760300942650
USER	make payments simultaneously	193	START	1760300942650	1760300942650
USER	make payments simultaneously	194	START	1760300942650	1760300942650
USER	make payments simultaneously	196	START	1760300942650	1760300942650
USER	make payments simultaneously	198	START	1760300942650	1760300942650
USER	make payments simultaneously	195	START	1760300942650	1760300942650
USER	make payments simultaneously	33	START	1760300942614	1760300942614
USER	make payments simultaneously	199	START	1760300942650	1760300942650
USER	make payments simultaneously	197	START	1760300942650	1760300942650
USER	make payments simultaneously	200	START	1760300942650	1760300942650
USER	make payments simultaneously	99	START	1760300942646	1760300942646
USER	make payments simultaneously	40	START	1760300942615	1760300942615
USER	make payments simultaneously	176	START	1760300942649	1760300942649
USER	make payments simultaneously	177	START	1760300942649	1760300942649
USER	make payments simultaneously	13	START	1760300942610	1760300942610
USER	make payments simultaneously	173	START	1760300942649	1760300942649
USER	make payments simultaneously	95	START	1760300942646	1760300942646
USER	make payments simultaneously	172	START	1760300942649	1760300942649
USER	make payments simultaneously	97	START	1760300942646	1760300942646
USER	make payments simultaneously	30	START	1760300942613	1760300942613
USER	make payments simultaneously	2	START	1760300942606	1760300942606
USER	make payments simultaneously	100	START	1760300942646	1760300942646
USER	make payments simultaneously	175	START	1760300942649	1760300942649
USER	make payments simultaneously	12	START	1760300942608	1760300942608
USER	make payments simultaneously	91	START	1760300942646	1760300942646
USER	make payments simultaneously	1	START	1760300942606	1760300942606
USER	make payments simultaneously	3	START	1760300942606	1760300942606
USER	make payments simultaneously	80	START	1760300942645	1760300942645
USER	make payments simultaneously	101	START	1760300942646	1760300942646
USER	make payments simultaneously	26	START	1760300942613	1760300942613
USER	make payments simultaneously	16	START	1760300942611	1760300942611
USER	make payments simultaneously	42	START	1760300942616	1760300942616
USER	make payments simultaneously	32	START	1760300942614	1760300942614
USER	make payments simultaneously	9	START	1760300942607	1760300942607
USER	make payments simultaneously	46	START	1760300942616	1760300942616
USER	make payments simultaneously	17	START	1760300942611	1760300942611
USER	make payments simultaneously	37	START	1760300942614	1760300942614
USER	make payments simultaneously	7	START	1760300942607	1760300942607
USER	make payments simultaneously	14	START	1760300942611	1760300942611
USER	make payments simultaneously	38	START	1760300942614	1760300942614
USER	make payments simultaneously	47	START	1760300942617	1760300942617
USER	make payments simultaneously	8	START	1760300942607	1760300942607
USER	make payments simultaneously	23	START	1760300942613	1760300942613
USER	make payments simultaneously	43	START	1760300942616	1760300942616
USER	make payments simultaneously	44	START	1760300942616	1760300942616
USER	make payments simultaneously	10	START	1760300942607	1760300942607
REQUEST	70		payment	1760300942645	1760300943397	OK	 
REQUEST	5		payment	1760300942642	1760300943397	OK	 
REQUEST	98		payment	1760300942646	1760300943405	OK	 
REQUEST	43		payment	1760300942643	1760300943408	OK	 
USER	make payments simultaneously	70	END	1760300942645	1760300943418
USER	make payments simultaneously	5	END	1760300942606	1760300943418
USER	make payments simultaneously	43	END	1760300942616	1760300943418
USER	make payments simultaneously	98	END	1760300942646	1760300943418
REQUEST	67		payment	1760300942645	1760300943425	OK	 
USER	make payments simultaneously	67	END	1760300942645	1760300943426
REQUEST	33		payment	1760300942642	1760300943426	OK	 
REQUEST	64		payment	1760300942645	1760300943426	OK	 
REQUEST	75		payment	1760300942645	1760300943427	OK	 
USER	make payments simultaneously	33	END	1760300942614	1760300943426
USER	make payments simultaneously	64	END	1760300942645	1760300943426
USER	make payments simultaneously	75	END	1760300942645	1760300943427
REQUEST	58		payment	1760300942645	1760300943431	OK	 
USER	make payments simultaneously	58	END	1760300942645	1760300943432
REQUEST	165		payment	1760300942649	1760300943437	OK	 
USER	make payments simultaneously	165	END	1760300942649	1760300943437
REQUEST	107		payment	1760300942647	1760300943438	OK	 
REQUEST	96		payment	1760300942649	1760300943438	OK	 
USER	make payments simultaneously	107	END	1760300942646	1760300943439
USER	make payments simultaneously	96	END	1760300942646	1760300943439
REQUEST	192		payment	1760300942650	1760300943462	OK	 
REQUEST	1		payment	1760300942642	1760300943462	OK	 
REQUEST	143		payment	1760300942648	1760300943463	OK	 
USER	make payments simultaneously	192	END	1760300942650	1760300943464
USER	make payments simultaneously	1	END	1760300942606	1760300943464
USER	make payments simultaneously	143	END	1760300942648	1760300943464
REQUEST	26		payment	1760300942642	1760300943466	OK	 
USER	make payments simultaneously	26	END	1760300942613	1760300943467
REQUEST	6		payment	1760300942642	1760300943475	OK	 
USER	make payments simultaneously	6	END	1760300942606	1760300943476
REQUEST	87		payment	1760300942646	1760300943493	OK	 
USER	make payments simultaneously	87	END	1760300942645	1760300943494
REQUEST	197		payment	1760300942650	1760300943499	OK	 
USER	make payments simultaneously	197	END	1760300942650	1760300943500
REQUEST	179		payment	1760300942649	1760300943502	OK	 
USER	make payments simultaneously	179	END	1760300942649	1760300943503
REQUEST	37		payment	1760300942642	1760300943511	OK	 
USER	make payments simultaneously	37	END	1760300942614	1760300943512
REQUEST	16		payment	1760300942642	1760300943521	OK	 
USER	make payments simultaneously	16	END	1760300942611	1760300943523
REQUEST	103		payment	1760300942646	1760300943526	OK	 
USER	make payments simultaneously	103	END	1760300942646	1760300943527
REQUEST	115		payment	1760300942647	1760300943528	OK	 
REQUEST	167		payment	1760300942649	1760300943528	OK	 
USER	make payments simultaneously	115	END	1760300942647	1760300943529
USER	make payments simultaneously	167	END	1760300942649	1760300943529
REQUEST	134		payment	1760300942648	1760300943538	OK	 
USER	make payments simultaneously	134	END	1760300942647	1760300943539
REQUEST	47		payment	1760300942643	1760300943546	OK	 
USER	make payments simultaneously	47	END	1760300942617	1760300943546
REQUEST	199		payment	1760300942650	1760300943547	OK	 
REQUEST	133		payment	1760300942648	1760300943548	OK	 
USER	make payments simultaneously	199	END	1760300942650	1760300943548
USER	make payments simultaneously	133	END	1760300942647	1760300943549
REQUEST	108		payment	1760300942647	1760300943558	OK	 
USER	make payments simultaneously	108	END	1760300942646	1760300943559
REQUEST	28		payment	1760300942643	1760300943560	OK	 
USER	make payments simultaneously	28	END	1760300942613	1760300943561
REQUEST	130		payment	1760300942647	1760300943562	OK	 
REQUEST	32		payment	1760300942642	1760300943562	OK	 
USER	make payments simultaneously	130	END	1760300942647	1760300943562
USER	make payments simultaneously	32	END	1760300942614	1760300943563
REQUEST	11		payment	1760300942642	1760300943565	OK	 
USER	make payments simultaneously	11	END	1760300942608	1760300943566
REQUEST	135		payment	1760300942648	1760300943569	OK	 
USER	make payments simultaneously	135	END	1760300942647	1760300943569
REQUEST	27		payment	1760300942643	1760300943572	OK	 
USER	make payments simultaneously	27	END	1760300942613	1760300943572
REQUEST	99		payment	1760300942650	1760300943573	OK	 
USER	make payments simultaneously	99	END	1760300942646	1760300943574
REQUEST	124		payment	1760300942647	1760300943574	OK	 
USER	make payments simultaneously	124	END	1760300942647	1760300943574
REQUEST	175		payment	1760300942651	1760300943577	OK	 
USER	make payments simultaneously	175	END	1760300942649	1760300943577
REQUEST	154		payment	1760300942649	1760300943578	OK	 
USER	make payments simultaneously	154	END	1760300942648	1760300943578
REQUEST	34		payment	1760300942643	1760300943583	OK	 
REQUEST	193		payment	1760300942650	1760300943583	OK	 
USER	make payments simultaneously	34	END	1760300942614	1760300943583
USER	make payments simultaneously	193	END	1760300942650	1760300943583
REQUEST	81		payment	1760300942646	1760300943593	OK	 
USER	make payments simultaneously	81	END	1760300942645	1760300943594
REQUEST	19		payment	1760300942642	1760300943595	OK	 
USER	make payments simultaneously	19	END	1760300942612	1760300943596
REQUEST	140		payment	1760300942648	1760300943610	OK	 
REQUEST	102		payment	1760300942646	1760300943610	OK	 
REQUEST	66		payment	1760300942646	1760300943610	OK	 
USER	make payments simultaneously	102	END	1760300942646	1760300943611
USER	make payments simultaneously	140	END	1760300942648	1760300943611
USER	make payments simultaneously	66	END	1760300942645	1760300943611
REQUEST	101		payment	1760300942651	1760300943614	OK	 
REQUEST	4		payment	1760300942642	1760300943614	OK	 
USER	make payments simultaneously	101	END	1760300942646	1760300943614
USER	make payments simultaneously	4	END	1760300942606	1760300943614
REQUEST	186		payment	1760300942650	1760300943621	OK	 
USER	make payments simultaneously	186	END	1760300942650	1760300943622
REQUEST	129		payment	1760300942647	1760300943623	OK	 
USER	make payments simultaneously	129	END	1760300942647	1760300943623
REQUEST	69		payment	1760300942645	1760300943629	OK	 
USER	make payments simultaneously	69	END	1760300942645	1760300943630
REQUEST	36		payment	1760300942642	1760300943635	OK	 
USER	make payments simultaneously	36	END	1760300942614	1760300943636
REQUEST	2		payment	1760300942642	1760300943638	OK	 
USER	make payments simultaneously	2	END	1760300942606	1760300943638
REQUEST	3		payment	1760300942642	1760300943648	OK	 
USER	make payments simultaneously	3	END	1760300942606	1760300943648
REQUEST	136		payment	1760300942648	1760300943659	OK	 
USER	make payments simultaneously	136	END	1760300942648	1760300943660
REQUEST	35		payment	1760300942643	1760300943664	OK	 
REQUEST	65		payment	1760300942645	1760300943664	OK	 
USER	make payments simultaneously	35	END	1760300942614	1760300943665
USER	make payments simultaneously	65	END	1760300942645	1760300943665
REQUEST	194		payment	1760300942650	1760300943667	OK	 
USER	make payments simultaneously	194	END	1760300942650	1760300943668
REQUEST	160		payment	1760300942649	1760300943671	OK	 
USER	make payments simultaneously	160	END	1760300942648	1760300943672
REQUEST	163		payment	1760300942649	1760300943672	OK	 
USER	make payments simultaneously	163	END	1760300942649	1760300943672
REQUEST	198		payment	1760300942650	1760300943672	OK	 
REQUEST	195		payment	1760300942650	1760300943672	OK	 
USER	make payments simultaneously	195	END	1760300942650	1760300943673
USER	make payments simultaneously	198	END	1760300942650	1760300943673
REQUEST	90		payment	1760300942649	1760300943687	OK	 
REQUEST	23		payment	1760300942642	1760300943687	OK	 
REQUEST	97		payment	1760300942651	1760300943687	OK	 
USER	make payments simultaneously	97	END	1760300942646	1760300943687
USER	make payments simultaneously	90	END	1760300942646	1760300943687
USER	make payments simultaneously	23	END	1760300942613	1760300943687
REQUEST	161		payment	1760300942649	1760300943694	OK	 
USER	make payments simultaneously	161	END	1760300942649	1760300943694
REQUEST	40		payment	1760300942642	1760300943706	OK	 
REQUEST	113		payment	1760300942647	1760300943706	OK	 
USER	make payments simultaneously	113	END	1760300942647	1760300943707
USER	make payments simultaneously	40	END	1760300942615	1760300943707
REQUEST	17		payment	1760300942643	1760300943707	OK	 
USER	make payments simultaneously	17	END	1760300942611	1760300943708
REQUEST	83		payment	1760300942646	1760300943716	OK	 
REQUEST	29		payment	1760300942643	1760300943716	OK	 
USER	make payments simultaneously	29	END	1760300942613	1760300943717
USER	make payments simultaneously	83	END	1760300942645	1760300943717
REQUEST	60		payment	1760300942645	1760300943722	OK	 
USER	make payments simultaneously	60	END	1760300942645	1760300943722
REQUEST	128		payment	1760300942647	1760300943722	OK	 
USER	make payments simultaneously	128	END	1760300942647	1760300943723
REQUEST	111		payment	1760300942647	1760300943724	OK	 
USER	make payments simultaneously	111	END	1760300942646	1760300943725
REQUEST	171		payment	1760300942649	1760300943726	OK	 
USER	make payments simultaneously	171	END	1760300942649	1760300943727
REQUEST	139		payment	1760300942648	1760300943727	OK	 
USER	make payments simultaneously	139	END	1760300942648	1760300943728
REQUEST	76		payment	1760300942645	1760300943732	OK	 
USER	make payments simultaneously	76	END	1760300942645	1760300943733
REQUEST	177		payment	1760300942651	1760300943736	OK	 
USER	make payments simultaneously	177	END	1760300942649	1760300943737
REQUEST	119		payment	1760300942647	1760300943739	OK	 
USER	make payments simultaneously	119	END	1760300942647	1760300943740
REQUEST	51		payment	1760300942645	1760300943740	OK	 
USER	make payments simultaneously	51	END	1760300942644	1760300943741
REQUEST	166		payment	1760300942649	1760300943743	OK	 
REQUEST	79		payment	1760300942645	1760300943743	OK	 
USER	make payments simultaneously	166	END	1760300942649	1760300943744
USER	make payments simultaneously	79	END	1760300942645	1760300943744
REQUEST	104		payment	1760300942646	1760300943746	OK	 
REQUEST	12		payment	1760300942642	1760300943746	OK	 
USER	make payments simultaneously	104	END	1760300942646	1760300943747
USER	make payments simultaneously	12	END	1760300942608	1760300943747
REQUEST	147		payment	1760300942648	1760300943748	OK	 
REQUEST	15		payment	1760300942644	1760300943749	OK	 
USER	make payments simultaneously	147	END	1760300942648	1760300943749
USER	make payments simultaneously	15	END	1760300942611	1760300943749
REQUEST	8		payment	1760300942643	1760300943755	OK	 
REQUEST	122		payment	1760300942647	1760300943755	OK	 
REQUEST	145		payment	1760300942648	1760300943755	OK	 
REQUEST	151		payment	1760300942648	1760300943756	OK	 
USER	make payments simultaneously	122	END	1760300942647	1760300943756
USER	make payments simultaneously	145	END	1760300942648	1760300943756
USER	make payments simultaneously	8	END	1760300942607	1760300943756
USER	make payments simultaneously	151	END	1760300942648	1760300943757
REQUEST	183		payment	1760300942650	1760300943760	OK	 
USER	make payments simultaneously	183	END	1760300942649	1760300943761
REQUEST	38		payment	1760300942643	1760300943762	OK	 
REQUEST	172		payment	1760300942649	1760300943763	OK	 
USER	make payments simultaneously	38	END	1760300942614	1760300943763
USER	make payments simultaneously	172	END	1760300942649	1760300943763
REQUEST	72		payment	1760300942645	1760300943764	OK	 
USER	make payments simultaneously	72	END	1760300942645	1760300943765
REQUEST	55		payment	1760300942645	1760300943767	OK	 
USER	make payments simultaneously	55	END	1760300942644	1760300943767
REQUEST	92		payment	1760300942646	1760300943773	OK	 
USER	make payments simultaneously	92	END	1760300942646	1760300943774
REQUEST	61		payment	1760300942645	1760300943775	OK	 
USER	make payments simultaneously	61	END	1760300942645	1760300943776
REQUEST	162		payment	1760300942649	1760300943785	OK	 
REQUEST	131		payment	1760300942648	1760300943785	OK	 
USER	make payments simultaneously	162	END	1760300942649	1760300943786
USER	make payments simultaneously	131	END	1760300942647	1760300943786
REQUEST	49		payment	1760300942645	1760300943818	OK	 
USER	make payments simultaneously	49	END	1760300942644	1760300943818
REQUEST	39		payment	1760300942643	1760300946521	OK	 
USER	make payments simultaneously	39	END	1760300942615	1760300946523
REQUEST	132		payment	1760300942648	1760300946526	OK	 
USER	make payments simultaneously	132	END	1760300942647	1760300946527
REQUEST	41		payment	1760300942642	1760300946537	OK	 
USER	make payments simultaneously	41	END	1760300942616	1760300946538
REQUEST	48		payment	1760300942642	1760300946540	OK	 
USER	make payments simultaneously	48	END	1760300942617	1760300946542
REQUEST	189		payment	1760300942650	1760300946544	OK	 
USER	make payments simultaneously	189	END	1760300942650	1760300946546
REQUEST	57		payment	1760300942645	1760300946589	OK	 
REQUEST	188		payment	1760300942650	1760300946589	OK	 
USER	make payments simultaneously	57	END	1760300942644	1760300946591
USER	make payments simultaneously	188	END	1760300942650	1760300946591
REQUEST	170		payment	1760300942649	1760300946593	OK	 
USER	make payments simultaneously	170	END	1760300942649	1760300946594
REQUEST	13		payment	1760300942642	1760300946598	OK	 
USER	make payments simultaneously	13	END	1760300942610	1760300946599
REQUEST	126		payment	1760300942647	1760300946600	OK	 
USER	make payments simultaneously	126	END	1760300942647	1760300946601
REQUEST	74		payment	1760300942645	1760300946603	OK	 
USER	make payments simultaneously	74	END	1760300942645	1760300946604
REQUEST	127		payment	1760300942648	1760300946658	OK	 
REQUEST	93		payment	1760300942646	1760300946658	OK	 
REQUEST	176		payment	1760300942650	1760300946658	OK	 
REQUEST	114		payment	1760300942650	1760300946658	OK	 
REQUEST	187		payment	1760300942650	1760300946658	OK	 
REQUEST	142		payment	1760300942648	1760300946658	OK	 
REQUEST	173		payment	1760300942649	1760300946658	OK	 
REQUEST	53		payment	1760300942645	1760300946659	OK	 
USER	make payments simultaneously	176	END	1760300942649	1760300946658
USER	make payments simultaneously	127	END	1760300942647	1760300946659
USER	make payments simultaneously	114	END	1760300942647	1760300946659
USER	make payments simultaneously	142	END	1760300942648	1760300946659
USER	make payments simultaneously	93	END	1760300942646	1760300946659
USER	make payments simultaneously	173	END	1760300942649	1760300946659
USER	make payments simultaneously	53	END	1760300942644	1760300946659
USER	make payments simultaneously	187	END	1760300942650	1760300946660
REQUEST	46		payment	1760300942644	1760300946660	OK	 
USER	make payments simultaneously	46	END	1760300942616	1760300946661
REQUEST	9		payment	1760300942643	1760300946661	OK	 
USER	make payments simultaneously	9	END	1760300942607	1760300946662
REQUEST	125		payment	1760300942647	1760300946663	OK	 
USER	make payments simultaneously	125	END	1760300942647	1760300946664
REQUEST	157		payment	1760300942649	1760300946667	OK	 
USER	make payments simultaneously	157	END	1760300942648	1760300946667
REQUEST	62		payment	1760300942645	1760300946668	OK	 
USER	make payments simultaneously	62	END	1760300942645	1760300946669
REQUEST	30		payment	1760300942643	1760300946675	OK	 
USER	make payments simultaneously	30	END	1760300942613	1760300946675
REQUEST	21		payment	1760300942643	1760300946679	OK	 
USER	make payments simultaneously	21	END	1760300942612	1760300946680
REQUEST	68		payment	1760300942645	1760300946726	OK	 
REQUEST	184		payment	1760300942650	1760300946727	OK	 
REQUEST	155		payment	1760300942650	1760300946727	OK	 
REQUEST	94		payment	1760300942646	1760300946727	OK	 
REQUEST	85		payment	1760300942646	1760300946727	OK	 
REQUEST	168		payment	1760300942649	1760300946727	OK	 
REQUEST	159		payment	1760300942649	1760300946728	OK	 
REQUEST	31		payment	1760300942644	1760300946729	OK	 
REQUEST	100		payment	1760300942651	1760300946730	OK	 
REQUEST	71		payment	1760300942645	1760300946727	OK	 
REQUEST	156		payment	1760300942649	1760300946750	OK	 
REQUEST	105		payment	1760300942647	1760300946750	OK	 
REQUEST	190		payment	1760300942650	1760300946751	OK	 
REQUEST	45		payment	1760300942642	1760300946727	OK	 
REQUEST	185		payment	1760300942650	1760300946751	OK	 
REQUEST	52		payment	1760300942645	1760300946751	OK	 
REQUEST	22		payment	1760300942644	1760300946751	OK	 
REQUEST	7		payment	1760300942642	1760300946751	OK	 
REQUEST	158		payment	1760300942649	1760300946751	OK	 
REQUEST	148		payment	1760300942648	1760300946751	OK	 
REQUEST	169		payment	1760300942649	1760300946751	OK	 
REQUEST	123		payment	1760300942647	1760300946752	OK	 
USER	make payments simultaneously	68	END	1760300942645	1760300946728
USER	make payments simultaneously	168	END	1760300942649	1760300946729
USER	make payments simultaneously	85	END	1760300942645	1760300946729
USER	make payments simultaneously	159	END	1760300942648	1760300946729
USER	make payments simultaneously	155	END	1760300942648	1760300946729
USER	make payments simultaneously	31	END	1760300942614	1760300946729
USER	make payments simultaneously	184	END	1760300942649	1760300946730
USER	make payments simultaneously	94	END	1760300942646	1760300946730
USER	make payments simultaneously	100	END	1760300942646	1760300946751
USER	make payments simultaneously	71	END	1760300942645	1760300946751
USER	make payments simultaneously	105	END	1760300942646	1760300946751
USER	make payments simultaneously	190	END	1760300942650	1760300946751
USER	make payments simultaneously	45	END	1760300942616	1760300946751
USER	make payments simultaneously	185	END	1760300942650	1760300946751
USER	make payments simultaneously	52	END	1760300942644	1760300946751
USER	make payments simultaneously	7	END	1760300942607	1760300946751
USER	make payments simultaneously	156	END	1760300942648	1760300946751
USER	make payments simultaneously	22	END	1760300942612	1760300946752
USER	make payments simultaneously	158	END	1760300942648	1760300946752
USER	make payments simultaneously	148	END	1760300942648	1760300946752
USER	make payments simultaneously	123	END	1760300942647	1760300946752
USER	make payments simultaneously	169	END	1760300942649	1760300946752
REQUEST	164		payment	1760300942649	1760300946752	OK	 
USER	make payments simultaneously	164	END	1760300942649	1760300946753
REQUEST	150		payment	1760300942648	1760300946754	OK	 
USER	make payments simultaneously	150	END	1760300942648	1760300946754
REQUEST	18		payment	1760300942642	1760300946755	OK	 
USER	make payments simultaneously	18	END	1760300942611	1760300946755
REQUEST	44		payment	1760300942642	1760300946760	OK	 
USER	make payments simultaneously	44	END	1760300942616	1760300946760
REQUEST	117		payment	1760300942647	1760300946786	OK	 
REQUEST	20		payment	1760300942644	1760300946786	OK	 
REQUEST	89		payment	1760300942649	1760300946786	OK	 
REQUEST	77		payment	1760300942645	1760300946787	OK	 
REQUEST	73		payment	1760300942646	1760300946787	OK	 
USER	make payments simultaneously	20	END	1760300942612	1760300946787
USER	make payments simultaneously	117	END	1760300942647	1760300946787
USER	make payments simultaneously	77	END	1760300942645	1760300946787
USER	make payments simultaneously	89	END	1760300942646	1760300946787
USER	make payments simultaneously	73	END	1760300942645	1760300946788
REQUEST	110		payment	1760300942647	1760300946788	OK	 
USER	make payments simultaneously	110	END	1760300942646	1760300946789
REQUEST	200		payment	1760300942650	1760300946792	OK	 
USER	make payments simultaneously	200	END	1760300942650	1760300946793
REQUEST	91		payment	1760300942651	1760300946793	OK	 
USER	make payments simultaneously	91	END	1760300942646	1760300946794
REQUEST	59		payment	1760300942645	1760300946795	OK	 
REQUEST	182		payment	1760300942650	1760300946796	OK	 
USER	make payments simultaneously	59	END	1760300942645	1760300946796
USER	make payments simultaneously	182	END	1760300942649	1760300946797
REQUEST	141		payment	1760300942648	1760300946813	OK	 
USER	make payments simultaneously	141	END	1760300942648	1760300946814
REQUEST	109		payment	1760300942647	1760300946827	OK	 
USER	make payments simultaneously	109	END	1760300942646	1760300946829
REQUEST	24		payment	1760300942643	1760300947451	OK	 
USER	make payments simultaneously	24	END	1760300942613	1760300947453
REQUEST	144		payment	1760300942648	1760300950441	OK	 
USER	make payments simultaneously	144	END	1760300942648	1760300950442
REQUEST	152		payment	1760300942649	1760300950445	OK	 
USER	make payments simultaneously	152	END	1760300942648	1760300950446
REQUEST	56		payment	1760300942645	1760300950450	OK	 
USER	make payments simultaneously	56	END	1760300942644	1760300950451
REQUEST	178		payment	1760300942650	1760300950453	OK	 
USER	make payments simultaneously	178	END	1760300942649	1760300950455
REQUEST	120		payment	1760300942647	1760300950461	OK	 
USER	make payments simultaneously	120	END	1760300942647	1760300950462
REQUEST	146		payment	1760300942648	1760300950465	OK	 
REQUEST	137		payment	1760300942648	1760300950466	OK	 
REQUEST	84		payment	1760300942646	1760300950466	OK	 
USER	make payments simultaneously	146	END	1760300942648	1760300950467
USER	make payments simultaneously	137	END	1760300942648	1760300950467
USER	make payments simultaneously	84	END	1760300942645	1760300950468
REQUEST	149		payment	1760300942648	1760300950481	OK	 
USER	make payments simultaneously	149	END	1760300942648	1760300950482
REQUEST	63		payment	1760300942645	1760300950493	OK	 
REQUEST	181		payment	1760300942650	1760300950493	OK	 
USER	make payments simultaneously	181	END	1760300942649	1760300950495
USER	make payments simultaneously	63	END	1760300942645	1760300950495
REQUEST	112		payment	1760300942647	1760300950495	OK	 
USER	make payments simultaneously	112	END	1760300942646	1760300950496
REQUEST	86		payment	1760300942647	1760300950497	OK	 
USER	make payments simultaneously	86	END	1760300942645	1760300950498
REQUEST	10		payment	1760300942642	1760300950500	OK	 
USER	make payments simultaneously	10	END	1760300942607	1760300950501
REQUEST	116		payment	1760300942647	1760300950506	OK	 
REQUEST	25		payment	1760300942643	1760300950507	OK	 
USER	make payments simultaneously	116	END	1760300942647	1760300950507
USER	make payments simultaneously	25	END	1760300942613	1760300950508
REQUEST	95		payment	1760300942651	1760300950511	OK	 
USER	make payments simultaneously	95	END	1760300942646	1760300950512
REQUEST	196		payment	1760300942650	1760300950513	OK	 
USER	make payments simultaneously	196	END	1760300942650	1760300950514
REQUEST	88		payment	1760300942648	1760300950514	OK	 
USER	make payments simultaneously	88	END	1760300942646	1760300950514
REQUEST	50		payment	1760300942645	1760300950516	OK	 
USER	make payments simultaneously	50	END	1760300942644	1760300950516
REQUEST	138		payment	1760300942648	1760300950531	OK	 
USER	make payments simultaneously	138	END	1760300942648	1760300950532
REQUEST	191		payment	1760300942650	1760300950533	OK	 
USER	make payments simultaneously	191	END	1760300942650	1760300950534
REQUEST	118		payment	1760300942647	1760300950562	OK	 
USER	make payments simultaneously	118	END	1760300942647	1760300950563
REQUEST	78		payment	1760300942646	1760300950565	OK	 
USER	make payments simultaneously	78	END	1760300942645	1760300950565
REQUEST	121		payment	1760300942647	1760300950576	OK	 
USER	make payments simultaneously	121	END	1760300942647	1760300950577
REQUEST	80		payment	1760300942651	1760300950578	OK	 
REQUEST	153		payment	1760300942649	1760300950584	OK	 
USER	make payments simultaneously	153	END	1760300942648	1760300950585
USER	make payments simultaneously	80	END	1760300942645	1760300950589
REQUEST	174		payment	1760300942649	1760300950590	OK	 
USER	make payments simultaneously	174	END	1760300942649	1760300950590
REQUEST	82		payment	1760300942646	1760300950595	OK	 
USER	make payments simultaneously	82	END	1760300942645	1760300950595
REQUEST	180		payment	1760300942649	1760300950597	OK	 
USER	make payments simultaneously	180	END	1760300942649	1760300950597
REQUEST	14		payment	1760300942644	1760300950598	OK	 
USER	make payments simultaneously	14	END	1760300942611	1760300950598
REQUEST	106		payment	1760300942646	1760300950607	OK	 
USER	make payments simultaneously	106	END	1760300942646	1760300950607
REQUEST	42		payment	1760300942643	1760300950607	OK	 
USER	make payments simultaneously	42	END	1760300942616	1760300950608
REQUEST	54		payment	1760300942645	1760300950621	OK	 
USER	make payments simultaneously	54	END	1760300942644	1760300950622
